2019-08-12 18:01:04,149 INFO [main] c.s.incubation.IncubationApplication [StartupInfoLogger.java : 50] Starting IncubationApplication on MacBook.local with PID 5689 (/Users/john/gitHub-workspace/incubation/target/classes started by john in /Users/john/gitHub-workspace/incubation)
2019-08-12 18:01:04,154 INFO [main] c.s.incubation.IncubationApplication [SpringApplication.java : 647] No active profile set, falling back to default profiles: default
2019-08-12 18:01:04,706 INFO [main] o.s.d.r.c.RepositoryConfigurationDelegate [RepositoryConfigurationDelegate.java : 126] Bootstrapping Spring Data repositories in DEFAULT mode.
2019-08-12 18:01:04,733 INFO [main] o.s.d.r.c.RepositoryConfigurationDelegate [RepositoryConfigurationDelegate.java : 182] Finished Spring Data repository scanning in 17ms. Found 0 repository interfaces.
2019-08-12 18:01:05,095 INFO [main] o.s.c.s.PostProcessorRegistrationDelegate$BeanPostProcessorChecker [PostProcessorRegistrationDelegate.java : 330] Bean 'org.springframework.transaction.annotation.ProxyTransactionManagementConfiguration' of type [org.springframework.transaction.annotation.ProxyTransactionManagementConfiguration$$EnhancerBySpringCGLIB$$719ad527] is not eligible for getting processed by all BeanPostProcessors (for example: not eligible for auto-proxying)
2019-08-12 18:01:05,531 INFO [main] o.s.b.w.e.tomcat.TomcatWebServer [TomcatWebServer.java : 90] Tomcat initialized with port(s): 9090 (http)
2019-08-12 18:01:05,543 INFO [main] o.a.coyote.http11.Http11NioProtocol [DirectJDKLog.java : 173] Initializing ProtocolHandler ["http-nio-9090"]
2019-08-12 18:01:05,550 INFO [main] o.a.catalina.core.StandardService [DirectJDKLog.java : 173] Starting service [Tomcat]
2019-08-12 18:01:05,550 INFO [main] o.a.catalina.core.StandardEngine [DirectJDKLog.java : 173] Starting Servlet engine: [Apache Tomcat/9.0.22]
2019-08-12 18:01:05,630 INFO [main] o.a.c.c.C.[.[.[/incubation] [DirectJDKLog.java : 173] Initializing Spring embedded WebApplicationContext
2019-08-12 18:01:05,631 INFO [main] o.s.web.context.ContextLoader [ServletWebServerApplicationContext.java : 284] Root WebApplicationContext: initialization completed in 1442 ms
2019-08-12 18:01:06,051 INFO [main] c.s.i.filter.IncubationFilter [IncubationFilter.java : 29] IncubationFilter init ...
2019-08-12 18:01:06,116 INFO [main] com.zaxxer.hikari.HikariDataSource [HikariDataSource.java : 110] DatebookHikariCP - Starting...
2019-08-12 18:01:06,252 INFO [main] com.zaxxer.hikari.HikariDataSource [HikariDataSource.java : 123] DatebookHikariCP - Start completed.
2019-08-12 18:01:06,309 INFO [main] o.h.jpa.internal.util.LogHelper [LogHelper.java : 31] HHH000204: Processing PersistenceUnitInfo [
	name: default
	...]
2019-08-12 18:01:06,359 INFO [main] org.hibernate.Version [Version.java : 46] HHH000412: Hibernate Core {5.3.10.Final}
2019-08-12 18:01:06,360 INFO [main] org.hibernate.cfg.Environment [Environment.java : 213] HHH000206: hibernate.properties not found
2019-08-12 18:01:06,493 INFO [main] o.h.annotations.common.Version [JavaReflectionManager.java : 49] HCANN000001: Hibernate Commons Annotations {5.0.4.Final}
2019-08-12 18:01:06,612 INFO [main] org.hibernate.dialect.Dialect [Dialect.java : 157] HHH000400: Using dialect: org.hibernate.dialect.MySQL5Dialect
2019-08-12 18:01:06,756 INFO [main] o.s.o.j.LocalContainerEntityManagerFactoryBean [AbstractEntityManagerFactoryBean.java : 415] Initialized JPA EntityManagerFactory for persistence unit 'default'
2019-08-12 18:01:07,281 INFO [main] o.s.s.c.ThreadPoolTaskExecutor [ExecutorConfigurationSupport.java : 171] Initializing ExecutorService 'applicationTaskExecutor'
2019-08-12 18:01:07,370 WARN [main] o.s.b.a.o.j.JpaBaseConfiguration$JpaWebConfiguration$JpaWebMvcConfiguration [JpaBaseConfiguration.java : 226] spring.jpa.open-in-view is enabled by default. Therefore, database queries may be performed during view rendering. Explicitly configure spring.jpa.open-in-view to disable this warning
2019-08-12 18:01:07,694 INFO [main] o.s.s.c.ThreadPoolTaskScheduler [ExecutorConfigurationSupport.java : 171] Initializing ExecutorService 'taskScheduler'
2019-08-12 18:01:07,756 INFO [main] o.a.coyote.http11.Http11NioProtocol [DirectJDKLog.java : 173] Starting ProtocolHandler ["http-nio-9090"]
2019-08-12 18:01:07,789 INFO [main] o.s.b.w.e.tomcat.TomcatWebServer [TomcatWebServer.java : 202] Tomcat started on port(s): 9090 (http) with context path '/incubation'
2019-08-12 18:01:07,792 INFO [main] c.s.incubation.IncubationApplication [StartupInfoLogger.java : 59] Started IncubationApplication in 23.966 seconds (JVM running for 30.296)
2019-08-12 18:02:00,004 INFO [scheduling-1] c.s.incubation.schedule.ScheduleTask [ScheduleTask.java : 34] ScheduleTask findDisableUsers ...
2019-08-12 18:02:00,065 INFO [scheduling-1] c.s.incubation.schedule.ScheduleTask [ScheduleTask.java : 38] ScheduleTask findDisableUsers 查询结果：[{"id":"1","username":"admin","password":"admin","phone":"18600988990","address":"北京朝阳区"},{"id":"2","username":"wangjiang","password":"123456","phone":"18600988991","address":"北京昌平区"},{"id":"3","username":"saxfore","password":"111111","phone":"18600988992","address":"北京大兴"},{"id":"4","username":"mayun","password":"123","phone":"18600988993","address":"杭州"},{"id":"5","username":"mahuateng","password":"111","phone":"18600988994","address":"深圳"}]
2019-08-12 18:02:00,065 INFO [scheduling-1] c.s.incubation.schedule.ScheduleTask [ScheduleTask.java : 41] ScheduleTask findDisableUsers 执行时间：58ms
2019-08-12 18:03:00,005 INFO [scheduling-1] c.s.incubation.schedule.ScheduleTask [ScheduleTask.java : 34] ScheduleTask findDisableUsers ...
2019-08-12 18:03:00,011 INFO [scheduling-1] c.s.incubation.schedule.ScheduleTask [ScheduleTask.java : 38] ScheduleTask findDisableUsers 查询结果：[{"id":"1","username":"admin","password":"admin","phone":"18600988990","address":"北京朝阳区"},{"id":"2","username":"wangjiang","password":"123456","phone":"18600988991","address":"北京昌平区"},{"id":"3","username":"saxfore","password":"111111","phone":"18600988992","address":"北京大兴"},{"id":"4","username":"mayun","password":"123","phone":"18600988993","address":"杭州"},{"id":"5","username":"mahuateng","password":"111","phone":"18600988994","address":"深圳"}]
2019-08-12 18:03:00,012 INFO [scheduling-1] c.s.incubation.schedule.ScheduleTask [ScheduleTask.java : 41] ScheduleTask findDisableUsers 执行时间：6ms
2019-08-12 18:04:00,003 INFO [scheduling-1] c.s.incubation.schedule.ScheduleTask [ScheduleTask.java : 34] ScheduleTask findDisableUsers ...
2019-08-12 18:04:00,009 INFO [scheduling-1] c.s.incubation.schedule.ScheduleTask [ScheduleTask.java : 38] ScheduleTask findDisableUsers 查询结果：[{"id":"1","username":"admin","password":"admin","phone":"18600988990","address":"北京朝阳区"},{"id":"2","username":"wangjiang","password":"123456","phone":"18600988991","address":"北京昌平区"},{"id":"3","username":"saxfore","password":"111111","phone":"18600988992","address":"北京大兴"},{"id":"4","username":"mayun","password":"123","phone":"18600988993","address":"杭州"},{"id":"5","username":"mahuateng","password":"111","phone":"18600988994","address":"深圳"}]
2019-08-12 18:04:00,009 INFO [scheduling-1] c.s.incubation.schedule.ScheduleTask [ScheduleTask.java : 41] ScheduleTask findDisableUsers 执行时间：6ms
2019-08-12 18:05:00,001 INFO [scheduling-1] c.s.incubation.schedule.ScheduleTask [ScheduleTask.java : 34] ScheduleTask findDisableUsers ...
2019-08-12 18:05:00,008 INFO [scheduling-1] c.s.incubation.schedule.ScheduleTask [ScheduleTask.java : 38] ScheduleTask findDisableUsers 查询结果：[{"id":"1","username":"admin","password":"admin","phone":"18600988990","address":"北京朝阳区"},{"id":"2","username":"wangjiang","password":"123456","phone":"18600988991","address":"北京昌平区"},{"id":"3","username":"saxfore","password":"111111","phone":"18600988992","address":"北京大兴"},{"id":"4","username":"mayun","password":"123","phone":"18600988993","address":"杭州"},{"id":"5","username":"mahuateng","password":"111","phone":"18600988994","address":"深圳"}]
2019-08-12 18:05:00,008 INFO [scheduling-1] c.s.incubation.schedule.ScheduleTask [ScheduleTask.java : 41] ScheduleTask findDisableUsers 执行时间：6ms
2019-08-12 18:06:00,005 INFO [scheduling-1] c.s.incubation.schedule.ScheduleTask [ScheduleTask.java : 34] ScheduleTask findDisableUsers ...
2019-08-12 18:06:00,010 INFO [scheduling-1] c.s.incubation.schedule.ScheduleTask [ScheduleTask.java : 38] ScheduleTask findDisableUsers 查询结果：[{"id":"1","username":"admin","password":"admin","phone":"18600988990","address":"北京朝阳区"},{"id":"2","username":"wangjiang","password":"123456","phone":"18600988991","address":"北京昌平区"},{"id":"3","username":"saxfore","password":"111111","phone":"18600988992","address":"北京大兴"},{"id":"4","username":"mayun","password":"123","phone":"18600988993","address":"杭州"},{"id":"5","username":"mahuateng","password":"111","phone":"18600988994","address":"深圳"}]
2019-08-12 18:06:00,011 INFO [scheduling-1] c.s.incubation.schedule.ScheduleTask [ScheduleTask.java : 41] ScheduleTask findDisableUsers 执行时间：5ms
2019-08-12 18:07:00,004 INFO [scheduling-1] c.s.incubation.schedule.ScheduleTask [ScheduleTask.java : 34] ScheduleTask findDisableUsers ...
2019-08-12 18:07:00,009 INFO [scheduling-1] c.s.incubation.schedule.ScheduleTask [ScheduleTask.java : 38] ScheduleTask findDisableUsers 查询结果：[{"id":"1","username":"admin","password":"admin","phone":"18600988990","address":"北京朝阳区"},{"id":"2","username":"wangjiang","password":"123456","phone":"18600988991","address":"北京昌平区"},{"id":"3","username":"saxfore","password":"111111","phone":"18600988992","address":"北京大兴"},{"id":"4","username":"mayun","password":"123","phone":"18600988993","address":"杭州"},{"id":"5","username":"mahuateng","password":"111","phone":"18600988994","address":"深圳"}]
2019-08-12 18:07:00,009 INFO [scheduling-1] c.s.incubation.schedule.ScheduleTask [ScheduleTask.java : 41] ScheduleTask findDisableUsers 执行时间：4ms
2019-08-12 18:08:00,002 INFO [scheduling-1] c.s.incubation.schedule.ScheduleTask [ScheduleTask.java : 34] ScheduleTask findDisableUsers ...
2019-08-12 18:08:00,008 INFO [scheduling-1] c.s.incubation.schedule.ScheduleTask [ScheduleTask.java : 38] ScheduleTask findDisableUsers 查询结果：[{"id":"1","username":"admin","password":"admin","phone":"18600988990","address":"北京朝阳区"},{"id":"2","username":"wangjiang","password":"123456","phone":"18600988991","address":"北京昌平区"},{"id":"3","username":"saxfore","password":"111111","phone":"18600988992","address":"北京大兴"},{"id":"4","username":"mayun","password":"123","phone":"18600988993","address":"杭州"},{"id":"5","username":"mahuateng","password":"111","phone":"18600988994","address":"深圳"}]
2019-08-12 18:08:00,008 INFO [scheduling-1] c.s.incubation.schedule.ScheduleTask [ScheduleTask.java : 41] ScheduleTask findDisableUsers 执行时间：5ms
2019-08-12 18:09:00,004 INFO [scheduling-1] c.s.incubation.schedule.ScheduleTask [ScheduleTask.java : 34] ScheduleTask findDisableUsers ...
2019-08-12 18:09:00,009 INFO [scheduling-1] c.s.incubation.schedule.ScheduleTask [ScheduleTask.java : 38] ScheduleTask findDisableUsers 查询结果：[{"id":"1","username":"admin","password":"admin","phone":"18600988990","address":"北京朝阳区"},{"id":"2","username":"wangjiang","password":"123456","phone":"18600988991","address":"北京昌平区"},{"id":"3","username":"saxfore","password":"111111","phone":"18600988992","address":"北京大兴"},{"id":"4","username":"mayun","password":"123","phone":"18600988993","address":"杭州"},{"id":"5","username":"mahuateng","password":"111","phone":"18600988994","address":"深圳"}]
2019-08-12 18:09:00,009 INFO [scheduling-1] c.s.incubation.schedule.ScheduleTask [ScheduleTask.java : 41] ScheduleTask findDisableUsers 执行时间：4ms
2019-08-12 18:10:00,001 INFO [scheduling-1] c.s.incubation.schedule.ScheduleTask [ScheduleTask.java : 34] ScheduleTask findDisableUsers ...
2019-08-12 18:10:00,006 INFO [scheduling-1] c.s.incubation.schedule.ScheduleTask [ScheduleTask.java : 38] ScheduleTask findDisableUsers 查询结果：[{"id":"1","username":"admin","password":"admin","phone":"18600988990","address":"北京朝阳区"},{"id":"2","username":"wangjiang","password":"123456","phone":"18600988991","address":"北京昌平区"},{"id":"3","username":"saxfore","password":"111111","phone":"18600988992","address":"北京大兴"},{"id":"4","username":"mayun","password":"123","phone":"18600988993","address":"杭州"},{"id":"5","username":"mahuateng","password":"111","phone":"18600988994","address":"深圳"}]
2019-08-12 18:10:00,006 INFO [scheduling-1] c.s.incubation.schedule.ScheduleTask [ScheduleTask.java : 41] ScheduleTask findDisableUsers 执行时间：4ms
2019-08-12 18:11:00,003 INFO [scheduling-1] c.s.incubation.schedule.ScheduleTask [ScheduleTask.java : 34] ScheduleTask findDisableUsers ...
2019-08-12 18:11:00,011 INFO [scheduling-1] c.s.incubation.schedule.ScheduleTask [ScheduleTask.java : 38] ScheduleTask findDisableUsers 查询结果：[{"id":"1","username":"admin","password":"admin","phone":"18600988990","address":"北京朝阳区"},{"id":"2","username":"wangjiang","password":"123456","phone":"18600988991","address":"北京昌平区"},{"id":"3","username":"saxfore","password":"111111","phone":"18600988992","address":"北京大兴"},{"id":"4","username":"mayun","password":"123","phone":"18600988993","address":"杭州"},{"id":"5","username":"mahuateng","password":"111","phone":"18600988994","address":"深圳"}]
2019-08-12 18:11:00,012 INFO [scheduling-1] c.s.incubation.schedule.ScheduleTask [ScheduleTask.java : 41] ScheduleTask findDisableUsers 执行时间：7ms
2019-08-12 18:11:59,993 INFO [scheduling-1] c.s.incubation.schedule.ScheduleTask [ScheduleTask.java : 34] ScheduleTask findDisableUsers ...
2019-08-12 18:11:59,999 INFO [scheduling-1] c.s.incubation.schedule.ScheduleTask [ScheduleTask.java : 38] ScheduleTask findDisableUsers 查询结果：[{"id":"1","username":"admin","password":"admin","phone":"18600988990","address":"北京朝阳区"},{"id":"2","username":"wangjiang","password":"123456","phone":"18600988991","address":"北京昌平区"},{"id":"3","username":"saxfore","password":"111111","phone":"18600988992","address":"北京大兴"},{"id":"4","username":"mayun","password":"123","phone":"18600988993","address":"杭州"},{"id":"5","username":"mahuateng","password":"111","phone":"18600988994","address":"深圳"}]
2019-08-12 18:11:59,999 INFO [scheduling-1] c.s.incubation.schedule.ScheduleTask [ScheduleTask.java : 41] ScheduleTask findDisableUsers 执行时间：5ms
2019-08-12 18:12:02,566 INFO [Thread-51] o.s.s.c.ThreadPoolTaskScheduler [ExecutorConfigurationSupport.java : 208] Shutting down ExecutorService 'taskScheduler'
2019-08-12 18:12:02,570 INFO [Thread-51] o.s.s.c.ThreadPoolTaskExecutor [ExecutorConfigurationSupport.java : 208] Shutting down ExecutorService 'applicationTaskExecutor'
2019-08-12 18:12:02,571 INFO [Thread-51] o.s.o.j.LocalContainerEntityManagerFactoryBean [AbstractEntityManagerFactoryBean.java : 597] Closing JPA EntityManagerFactory for persistence unit 'default'
2019-08-12 18:12:02,574 INFO [Thread-51] com.zaxxer.hikari.HikariDataSource [HikariDataSource.java : 350] DatebookHikariCP - Shutdown initiated...
2019-08-12 18:12:02,581 INFO [Thread-51] com.zaxxer.hikari.HikariDataSource [HikariDataSource.java : 352] DatebookHikariCP - Shutdown completed.
2019-08-12 18:12:02,593 INFO [Thread-51] c.s.i.filter.IncubationFilter [IncubationFilter.java : 49] IncubationFilter destroy ...
2019-08-12 18:25:20,182 INFO [main] c.s.incubation.IncubationApplication [StartupInfoLogger.java : 50] Starting IncubationApplication on MacBook.local with PID 5751 (/Users/john/gitHub-workspace/incubation/target/classes started by john in /Users/john/gitHub-workspace/incubation)
2019-08-12 18:25:20,186 INFO [main] c.s.incubation.IncubationApplication [SpringApplication.java : 647] No active profile set, falling back to default profiles: default
2019-08-12 18:25:20,641 INFO [main] o.s.d.r.c.RepositoryConfigurationDelegate [RepositoryConfigurationDelegate.java : 126] Bootstrapping Spring Data repositories in DEFAULT mode.
2019-08-12 18:25:20,663 INFO [main] o.s.d.r.c.RepositoryConfigurationDelegate [RepositoryConfigurationDelegate.java : 182] Finished Spring Data repository scanning in 15ms. Found 0 repository interfaces.
2019-08-12 18:25:20,990 INFO [main] o.s.c.s.PostProcessorRegistrationDelegate$BeanPostProcessorChecker [PostProcessorRegistrationDelegate.java : 330] Bean 'org.springframework.transaction.annotation.ProxyTransactionManagementConfiguration' of type [org.springframework.transaction.annotation.ProxyTransactionManagementConfiguration$$EnhancerBySpringCGLIB$$18a77dcb] is not eligible for getting processed by all BeanPostProcessors (for example: not eligible for auto-proxying)
2019-08-12 18:25:21,518 INFO [main] o.s.b.w.e.tomcat.TomcatWebServer [TomcatWebServer.java : 90] Tomcat initialized with port(s): 9090 (http)
2019-08-12 18:25:21,542 INFO [main] o.a.coyote.http11.Http11NioProtocol [DirectJDKLog.java : 173] Initializing ProtocolHandler ["http-nio-9090"]
2019-08-12 18:25:21,550 INFO [main] o.a.catalina.core.StandardService [DirectJDKLog.java : 173] Starting service [Tomcat]
2019-08-12 18:25:21,551 INFO [main] o.a.catalina.core.StandardEngine [DirectJDKLog.java : 173] Starting Servlet engine: [Apache Tomcat/9.0.22]
2019-08-12 18:25:21,639 INFO [main] o.a.c.c.C.[.[.[/incubation] [DirectJDKLog.java : 173] Initializing Spring embedded WebApplicationContext
2019-08-12 18:25:21,640 INFO [main] o.s.web.context.ContextLoader [ServletWebServerApplicationContext.java : 284] Root WebApplicationContext: initialization completed in 1417 ms
2019-08-12 18:25:22,089 INFO [main] c.s.i.filter.IncubationFilter [IncubationFilter.java : 29] IncubationFilter init ...
2019-08-12 18:25:22,158 INFO [main] com.zaxxer.hikari.HikariDataSource [HikariDataSource.java : 110] DatebookHikariCP - Starting...
2019-08-12 18:25:22,283 INFO [main] com.zaxxer.hikari.HikariDataSource [HikariDataSource.java : 123] DatebookHikariCP - Start completed.
2019-08-12 18:25:22,367 INFO [main] o.h.jpa.internal.util.LogHelper [LogHelper.java : 31] HHH000204: Processing PersistenceUnitInfo [
	name: default
	...]
2019-08-12 18:25:22,442 INFO [main] org.hibernate.Version [Version.java : 46] HHH000412: Hibernate Core {5.3.10.Final}
2019-08-12 18:25:22,444 INFO [main] org.hibernate.cfg.Environment [Environment.java : 213] HHH000206: hibernate.properties not found
2019-08-12 18:25:22,570 INFO [main] o.h.annotations.common.Version [JavaReflectionManager.java : 49] HCANN000001: Hibernate Commons Annotations {5.0.4.Final}
2019-08-12 18:25:22,721 INFO [main] org.hibernate.dialect.Dialect [Dialect.java : 157] HHH000400: Using dialect: org.hibernate.dialect.MySQL5Dialect
2019-08-12 18:25:22,870 INFO [main] o.s.o.j.LocalContainerEntityManagerFactoryBean [AbstractEntityManagerFactoryBean.java : 415] Initialized JPA EntityManagerFactory for persistence unit 'default'
2019-08-12 18:25:23,391 INFO [main] o.s.s.c.ThreadPoolTaskExecutor [ExecutorConfigurationSupport.java : 171] Initializing ExecutorService 'applicationTaskExecutor'
2019-08-12 18:25:23,459 WARN [main] o.s.b.a.o.j.JpaBaseConfiguration$JpaWebConfiguration$JpaWebMvcConfiguration [JpaBaseConfiguration.java : 226] spring.jpa.open-in-view is enabled by default. Therefore, database queries may be performed during view rendering. Explicitly configure spring.jpa.open-in-view to disable this warning
2019-08-12 18:25:23,794 INFO [main] o.s.s.c.ThreadPoolTaskScheduler [ExecutorConfigurationSupport.java : 171] Initializing ExecutorService 'taskScheduler'
2019-08-12 18:25:23,841 INFO [main] o.a.coyote.http11.Http11NioProtocol [DirectJDKLog.java : 173] Starting ProtocolHandler ["http-nio-9090"]
2019-08-12 18:25:23,870 INFO [main] o.s.b.w.e.tomcat.TomcatWebServer [TomcatWebServer.java : 202] Tomcat started on port(s): 9090 (http) with context path '/incubation'
2019-08-12 18:25:23,873 INFO [main] c.s.incubation.IncubationApplication [StartupInfoLogger.java : 59] Started IncubationApplication in 24.019 seconds (JVM running for 29.668)
2019-08-12 18:26:00,001 INFO [scheduling-1] c.s.incubation.schedule.ScheduleTask [ScheduleTask.java : 34] ScheduleTask findDisableUsers ...
2019-08-12 18:26:00,061 INFO [scheduling-1] c.s.incubation.schedule.ScheduleTask [ScheduleTask.java : 38] ScheduleTask findDisableUsers 查询结果：[{"id":"1","username":"admin","password":"admin","phone":"18600988990","address":"北京朝阳区"},{"id":"2","username":"wangjiang","password":"123456","phone":"18600988991","address":"北京昌平区"},{"id":"3","username":"saxfore","password":"111111","phone":"18600988992","address":"北京大兴"},{"id":"4","username":"mayun","password":"123","phone":"18600988993","address":"杭州"},{"id":"5","username":"mahuateng","password":"111","phone":"18600988994","address":"深圳"}]
2019-08-12 18:26:00,061 INFO [scheduling-1] c.s.incubation.schedule.ScheduleTask [ScheduleTask.java : 41] ScheduleTask findDisableUsers 执行时间：59ms
2019-08-12 18:27:00,003 INFO [scheduling-1] c.s.incubation.schedule.ScheduleTask [ScheduleTask.java : 34] ScheduleTask findDisableUsers ...
2019-08-12 18:27:00,009 INFO [scheduling-1] c.s.incubation.schedule.ScheduleTask [ScheduleTask.java : 38] ScheduleTask findDisableUsers 查询结果：[{"id":"1","username":"admin","password":"admin","phone":"18600988990","address":"北京朝阳区"},{"id":"2","username":"wangjiang","password":"123456","phone":"18600988991","address":"北京昌平区"},{"id":"3","username":"saxfore","password":"111111","phone":"18600988992","address":"北京大兴"},{"id":"4","username":"mayun","password":"123","phone":"18600988993","address":"杭州"},{"id":"5","username":"mahuateng","password":"111","phone":"18600988994","address":"深圳"}]
2019-08-12 18:27:00,009 INFO [scheduling-1] c.s.incubation.schedule.ScheduleTask [ScheduleTask.java : 41] ScheduleTask findDisableUsers 执行时间：6ms
2019-08-12 18:27:01,214 INFO [http-nio-9090-exec-1] o.a.c.c.C.[.[.[/incubation] [DirectJDKLog.java : 173] Initializing Spring DispatcherServlet 'dispatcherServlet'
2019-08-12 18:27:01,214 INFO [http-nio-9090-exec-1] o.s.web.servlet.DispatcherServlet [FrameworkServlet.java : 524] Initializing Servlet 'dispatcherServlet'
2019-08-12 18:27:01,229 INFO [http-nio-9090-exec-1] o.s.web.servlet.DispatcherServlet [FrameworkServlet.java : 546] Completed initialization in 15 ms
2019-08-12 18:27:01,237 INFO [http-nio-9090-exec-1] c.s.i.filter.IncubationFilter [IncubationFilter.java : 34] IncubationFilter doFilter ...
2019-08-12 18:27:01,244 INFO [http-nio-9090-exec-1] c.s.i.interceptor.ApiInterceptor [ApiInterceptor.java : 30] ApiInterceptor preHandle ...
2019-08-12 18:27:01,308 INFO [http-nio-9090-exec-1] c.s.i.aspect.ControllerClassesAspect [ControllerClassesAspect.java : 92] ControllerClassesAspect doAroundAdvice ...
2019-08-12 18:27:01,310 INFO [http-nio-9090-exec-1] c.s.i.aspect.ControllerClassesAspect [ControllerClassesAspect.java : 96] ControllerClassesAspect doAroundAdvice 环绕通知的目标方法: cc.saxfore.incubation.controller.IBApiUserController.list
2019-08-12 18:27:01,311 INFO [http-nio-9090-exec-1] c.s.i.aspect.ControllerClassesAspect [ControllerClassesAspect.java : 38] ControllerClassesAspect doBefore ...
2019-08-12 18:27:01,311 INFO [http-nio-9090-exec-1] c.s.i.aspect.ControllerClassesAspect [ControllerClassesAspect.java : 44] ControllerClassesAspect doBefore 调用方法: cc.saxfore.incubation.controller.IBApiUserController.list
2019-08-12 18:27:01,311 INFO [http-nio-9090-exec-1] c.s.i.aspect.ControllerClassesAspect [ControllerClassesAspect.java : 45] ControllerClassesAspect doBefore 请求参数: []
2019-08-12 18:27:01,321 INFO [http-nio-9090-exec-1] c.s.i.aspect.ControllerClassesAspect [ControllerClassesAspect.java : 100] ControllerClassesAspect doAroundAdvice 环绕通知返回：{"code":200,"msg":"","data":[{"id":"1","username":"admin","password":"admin","phone":"18600988990","address":"北京朝阳区"},{"id":"2","username":"wangjiang","password":"123456","phone":"18600988991","address":"北京昌平区"},{"id":"3","username":"saxfore","password":"111111","phone":"18600988992","address":"北京大兴"},{"id":"4","username":"mayun","password":"123","phone":"18600988993","address":"杭州"},{"id":"5","username":"mahuateng","password":"111","phone":"18600988994","address":"深圳"}]}
2019-08-12 18:27:01,321 INFO [http-nio-9090-exec-1] c.s.i.aspect.ControllerClassesAspect [ControllerClassesAspect.java : 56] ControllerClassesAspect doAfterReturning ...
2019-08-12 18:27:01,322 INFO [http-nio-9090-exec-1] c.s.i.aspect.ControllerClassesAspect [ControllerClassesAspect.java : 63] ControllerClassesAspect doAfterReturning 调用方法: cc.saxfore.incubation.controller.IBApiUserController.list
2019-08-12 18:27:01,322 INFO [http-nio-9090-exec-1] c.s.i.aspect.ControllerClassesAspect [ControllerClassesAspect.java : 64] ControllerClassesAspect doAfterReturning 返回结果: {"code":200,"msg":"","data":[{"id":"1","username":"admin","password":"admin","phone":"18600988990","address":"北京朝阳区"},{"id":"2","username":"wangjiang","password":"123456","phone":"18600988991","address":"北京昌平区"},{"id":"3","username":"saxfore","password":"111111","phone":"18600988992","address":"北京大兴"},{"id":"4","username":"mayun","password":"123","phone":"18600988993","address":"杭州"},{"id":"5","username":"mahuateng","password":"111","phone":"18600988994","address":"深圳"}]}
2019-08-12 18:27:01,387 INFO [http-nio-9090-exec-1] c.s.i.interceptor.ApiInterceptor [ApiInterceptor.java : 51] ApiInterceptor postHandle ...
2019-08-12 18:27:01,390 INFO [http-nio-9090-exec-1] c.s.i.interceptor.ApiInterceptor [ApiInterceptor.java : 57] ApiInterceptor afterCompletion ...
2019-08-12 18:27:01,392 INFO [http-nio-9090-exec-1] c.s.i.filter.IncubationFilter [IncubationFilter.java : 43] ----请求地址:/incubation/api/user/list, 耗时:155ms
2019-08-12 18:27:01,393 INFO [http-nio-9090-exec-1] c.s.i.filter.IncubationFilter [IncubationFilter.java : 71] ----请求参数:{accessToken=[incubation];} ----
2019-08-12 18:28:00,003 INFO [scheduling-1] c.s.incubation.schedule.ScheduleTask [ScheduleTask.java : 34] ScheduleTask findDisableUsers ...
2019-08-12 18:28:00,010 INFO [scheduling-1] c.s.incubation.schedule.ScheduleTask [ScheduleTask.java : 38] ScheduleTask findDisableUsers 查询结果：[{"id":"1","username":"admin","password":"admin","phone":"18600988990","address":"北京朝阳区"},{"id":"2","username":"wangjiang","password":"123456","phone":"18600988991","address":"北京昌平区"},{"id":"3","username":"saxfore","password":"111111","phone":"18600988992","address":"北京大兴"},{"id":"4","username":"mayun","password":"123","phone":"18600988993","address":"杭州"},{"id":"5","username":"mahuateng","password":"111","phone":"18600988994","address":"深圳"}]
2019-08-12 18:28:00,010 INFO [scheduling-1] c.s.incubation.schedule.ScheduleTask [ScheduleTask.java : 41] ScheduleTask findDisableUsers 执行时间：7ms
2019-08-12 18:28:23,110 INFO [Thread-51] o.s.s.c.ThreadPoolTaskScheduler [ExecutorConfigurationSupport.java : 208] Shutting down ExecutorService 'taskScheduler'
2019-08-12 18:28:23,114 INFO [Thread-51] o.s.s.c.ThreadPoolTaskExecutor [ExecutorConfigurationSupport.java : 208] Shutting down ExecutorService 'applicationTaskExecutor'
2019-08-12 18:28:23,114 INFO [Thread-51] o.s.o.j.LocalContainerEntityManagerFactoryBean [AbstractEntityManagerFactoryBean.java : 597] Closing JPA EntityManagerFactory for persistence unit 'default'
2019-08-12 18:28:23,117 INFO [Thread-51] com.zaxxer.hikari.HikariDataSource [HikariDataSource.java : 350] DatebookHikariCP - Shutdown initiated...
2019-08-12 18:28:23,121 INFO [Thread-51] com.zaxxer.hikari.HikariDataSource [HikariDataSource.java : 352] DatebookHikariCP - Shutdown completed.
2019-08-12 18:28:23,133 INFO [Thread-51] c.s.i.filter.IncubationFilter [IncubationFilter.java : 49] IncubationFilter destroy ...
2019-08-12 18:29:45,740 INFO [main] c.s.incubation.IncubationApplication [StartupInfoLogger.java : 50] Starting IncubationApplication on MacBook.local with PID 5772 (/Users/john/gitHub-workspace/incubation/target/classes started by john in /Users/john/gitHub-workspace/incubation)
2019-08-12 18:29:45,744 INFO [main] c.s.incubation.IncubationApplication [SpringApplication.java : 647] No active profile set, falling back to default profiles: default
2019-08-12 18:29:46,244 INFO [main] o.s.d.r.c.RepositoryConfigurationDelegate [RepositoryConfigurationDelegate.java : 126] Bootstrapping Spring Data repositories in DEFAULT mode.
2019-08-12 18:29:46,263 INFO [main] o.s.d.r.c.RepositoryConfigurationDelegate [RepositoryConfigurationDelegate.java : 182] Finished Spring Data repository scanning in 11ms. Found 0 repository interfaces.
2019-08-12 18:29:46,599 INFO [main] o.s.c.s.PostProcessorRegistrationDelegate$BeanPostProcessorChecker [PostProcessorRegistrationDelegate.java : 330] Bean 'org.springframework.transaction.annotation.ProxyTransactionManagementConfiguration' of type [org.springframework.transaction.annotation.ProxyTransactionManagementConfiguration$$EnhancerBySpringCGLIB$$96a6d0fe] is not eligible for getting processed by all BeanPostProcessors (for example: not eligible for auto-proxying)
2019-08-12 18:29:46,988 INFO [main] o.s.b.w.e.tomcat.TomcatWebServer [TomcatWebServer.java : 90] Tomcat initialized with port(s): 9090 (http)
2019-08-12 18:29:46,999 INFO [main] o.a.coyote.http11.Http11NioProtocol [DirectJDKLog.java : 173] Initializing ProtocolHandler ["http-nio-9090"]
2019-08-12 18:29:47,006 INFO [main] o.a.catalina.core.StandardService [DirectJDKLog.java : 173] Starting service [Tomcat]
2019-08-12 18:29:47,007 INFO [main] o.a.catalina.core.StandardEngine [DirectJDKLog.java : 173] Starting Servlet engine: [Apache Tomcat/9.0.22]
2019-08-12 18:29:47,084 INFO [main] o.a.c.c.C.[.[.[/incubation] [DirectJDKLog.java : 173] Initializing Spring embedded WebApplicationContext
2019-08-12 18:29:47,084 INFO [main] o.s.web.context.ContextLoader [ServletWebServerApplicationContext.java : 284] Root WebApplicationContext: initialization completed in 1308 ms
2019-08-12 18:29:47,470 INFO [main] c.s.i.filter.IncubationFilter [IncubationFilter.java : 29] IncubationFilter init ...
2019-08-12 18:29:47,538 INFO [main] com.zaxxer.hikari.HikariDataSource [HikariDataSource.java : 110] DatebookHikariCP - Starting...
2019-08-12 18:29:47,643 INFO [main] com.zaxxer.hikari.HikariDataSource [HikariDataSource.java : 123] DatebookHikariCP - Start completed.
2019-08-12 18:29:47,690 INFO [main] o.h.jpa.internal.util.LogHelper [LogHelper.java : 31] HHH000204: Processing PersistenceUnitInfo [
	name: default
	...]
2019-08-12 18:29:47,749 INFO [main] org.hibernate.Version [Version.java : 46] HHH000412: Hibernate Core {5.3.10.Final}
2019-08-12 18:29:47,750 INFO [main] org.hibernate.cfg.Environment [Environment.java : 213] HHH000206: hibernate.properties not found
2019-08-12 18:29:47,854 INFO [main] o.h.annotations.common.Version [JavaReflectionManager.java : 49] HCANN000001: Hibernate Commons Annotations {5.0.4.Final}
2019-08-12 18:29:48,002 INFO [main] org.hibernate.dialect.Dialect [Dialect.java : 157] HHH000400: Using dialect: org.hibernate.dialect.MySQL5Dialect
2019-08-12 18:29:48,140 INFO [main] o.s.o.j.LocalContainerEntityManagerFactoryBean [AbstractEntityManagerFactoryBean.java : 415] Initialized JPA EntityManagerFactory for persistence unit 'default'
2019-08-12 18:29:48,583 INFO [main] o.s.s.c.ThreadPoolTaskExecutor [ExecutorConfigurationSupport.java : 171] Initializing ExecutorService 'applicationTaskExecutor'
2019-08-12 18:29:48,639 WARN [main] o.s.b.a.o.j.JpaBaseConfiguration$JpaWebConfiguration$JpaWebMvcConfiguration [JpaBaseConfiguration.java : 226] spring.jpa.open-in-view is enabled by default. Therefore, database queries may be performed during view rendering. Explicitly configure spring.jpa.open-in-view to disable this warning
2019-08-12 18:29:48,945 INFO [main] o.s.s.c.ThreadPoolTaskScheduler [ExecutorConfigurationSupport.java : 171] Initializing ExecutorService 'taskScheduler'
2019-08-12 18:29:48,992 INFO [main] o.a.coyote.http11.Http11NioProtocol [DirectJDKLog.java : 173] Starting ProtocolHandler ["http-nio-9090"]
2019-08-12 18:29:49,022 INFO [main] o.s.b.w.e.tomcat.TomcatWebServer [TomcatWebServer.java : 202] Tomcat started on port(s): 9090 (http) with context path '/incubation'
2019-08-12 18:29:49,025 INFO [main] c.s.incubation.IncubationApplication [StartupInfoLogger.java : 59] Started IncubationApplication in 23.59 seconds (JVM running for 29.271)
2019-08-12 18:30:00,001 INFO [scheduling-1] c.s.incubation.schedule.ScheduleTask [ScheduleTask.java : 34] ScheduleTask findDisableUsers ...
2019-08-12 18:30:00,056 INFO [scheduling-1] c.s.incubation.schedule.ScheduleTask [ScheduleTask.java : 38] ScheduleTask findDisableUsers 查询结果：[{"id":"1","username":"admin","password":"admin","phone":"18600988990","address":"北京朝阳区"},{"id":"2","username":"wangjiang","password":"123456","phone":"18600988991","address":"北京昌平区"},{"id":"3","username":"saxfore","password":"111111","phone":"18600988992","address":"北京大兴"},{"id":"4","username":"mayun","password":"123","phone":"18600988993","address":"杭州"},{"id":"5","username":"mahuateng","password":"111","phone":"18600988994","address":"深圳"}]
2019-08-12 18:30:00,056 INFO [scheduling-1] c.s.incubation.schedule.ScheduleTask [ScheduleTask.java : 41] ScheduleTask findDisableUsers 执行时间：53ms
2019-08-12 18:30:53,566 INFO [Thread-50] o.s.s.c.ThreadPoolTaskScheduler [ExecutorConfigurationSupport.java : 208] Shutting down ExecutorService 'taskScheduler'
2019-08-12 18:30:53,568 INFO [Thread-50] o.s.s.c.ThreadPoolTaskExecutor [ExecutorConfigurationSupport.java : 208] Shutting down ExecutorService 'applicationTaskExecutor'
2019-08-12 18:30:53,569 INFO [Thread-50] o.s.o.j.LocalContainerEntityManagerFactoryBean [AbstractEntityManagerFactoryBean.java : 597] Closing JPA EntityManagerFactory for persistence unit 'default'
2019-08-12 18:30:53,573 INFO [Thread-50] com.zaxxer.hikari.HikariDataSource [HikariDataSource.java : 350] DatebookHikariCP - Shutdown initiated...
2019-08-12 18:30:53,578 INFO [Thread-50] com.zaxxer.hikari.HikariDataSource [HikariDataSource.java : 352] DatebookHikariCP - Shutdown completed.
2019-08-12 18:30:53,589 INFO [Thread-50] c.s.i.filter.IncubationFilter [IncubationFilter.java : 49] IncubationFilter destroy ...
2019-08-12 18:31:36,501 INFO [main] c.s.incubation.IncubationApplication [StartupInfoLogger.java : 50] Starting IncubationApplication on MacBook.local with PID 5784 (/Users/john/gitHub-workspace/incubation/target/classes started by john in /Users/john/gitHub-workspace/incubation)
2019-08-12 18:31:36,505 INFO [main] c.s.incubation.IncubationApplication [SpringApplication.java : 647] No active profile set, falling back to default profiles: default
2019-08-12 18:31:37,050 INFO [main] o.s.d.r.c.RepositoryConfigurationDelegate [RepositoryConfigurationDelegate.java : 126] Bootstrapping Spring Data repositories in DEFAULT mode.
2019-08-12 18:31:37,069 INFO [main] o.s.d.r.c.RepositoryConfigurationDelegate [RepositoryConfigurationDelegate.java : 182] Finished Spring Data repository scanning in 11ms. Found 0 repository interfaces.
2019-08-12 18:31:37,153 WARN [main] o.m.s.mapper.ClassPathMapperScanner [Logger.java : 44] No MyBatis mapper was found in '[cc.saxfore.incubation]' package. Please check your configuration.
2019-08-12 18:31:37,454 INFO [main] o.s.c.s.PostProcessorRegistrationDelegate$BeanPostProcessorChecker [PostProcessorRegistrationDelegate.java : 330] Bean 'org.springframework.transaction.annotation.ProxyTransactionManagementConfiguration' of type [org.springframework.transaction.annotation.ProxyTransactionManagementConfiguration$$EnhancerBySpringCGLIB$$6cff5626] is not eligible for getting processed by all BeanPostProcessors (for example: not eligible for auto-proxying)
2019-08-12 18:31:37,888 INFO [main] o.s.b.w.e.tomcat.TomcatWebServer [TomcatWebServer.java : 90] Tomcat initialized with port(s): 9090 (http)
2019-08-12 18:31:37,903 INFO [main] o.a.coyote.http11.Http11NioProtocol [DirectJDKLog.java : 173] Initializing ProtocolHandler ["http-nio-9090"]
2019-08-12 18:31:37,912 INFO [main] o.a.catalina.core.StandardService [DirectJDKLog.java : 173] Starting service [Tomcat]
2019-08-12 18:31:37,912 INFO [main] o.a.catalina.core.StandardEngine [DirectJDKLog.java : 173] Starting Servlet engine: [Apache Tomcat/9.0.22]
2019-08-12 18:31:37,991 INFO [main] o.a.c.c.C.[.[.[/incubation] [DirectJDKLog.java : 173] Initializing Spring embedded WebApplicationContext
2019-08-12 18:31:37,991 INFO [main] o.s.web.context.ContextLoader [ServletWebServerApplicationContext.java : 284] Root WebApplicationContext: initialization completed in 1454 ms
2019-08-12 18:31:38,008 ERROR [main] o.s.b.w.e.tomcat.TomcatStarter [TomcatStarter.java : 61] Error starting Tomcat context. Exception: org.springframework.beans.factory.BeanCreationException. Message: Error creating bean with name 'IBUserServlet': Cannot create inner bean '(inner bean)#7d247660' of type [cc.saxfore.incubation.servlet.IBUserServlet] while setting bean property 'servlet'; nested exception is org.springframework.beans.factory.UnsatisfiedDependencyException: Error creating bean with name '(inner bean)#7d247660': Unsatisfied dependency expressed through field 'userService'; nested exception is org.springframework.beans.factory.BeanCreationException: Error creating bean with name 'IBUserServiceImpl': Injection of resource dependencies failed; nested exception is org.springframework.beans.factory.NoSuchBeanDefinitionException: No qualifying bean of type 'cc.saxfore.incubation.mapper.IBUserMapper' available: expected at least 1 bean which qualifies as autowire candidate. Dependency annotations: {@javax.annotation.Resource(shareable=true, lookup=, name=, description=, authenticationType=CONTAINER, type=class java.lang.Object, mappedName=)}
2019-08-12 18:31:38,027 INFO [main] o.a.catalina.core.StandardService [DirectJDKLog.java : 173] Stopping service [Tomcat]
2019-08-12 18:31:38,035 WARN [main] o.s.b.w.s.c.AnnotationConfigServletWebServerApplicationContext [AbstractApplicationContext.java : 557] Exception encountered during context initialization - cancelling refresh attempt: org.springframework.context.ApplicationContextException: Unable to start web server; nested exception is org.springframework.boot.web.server.WebServerException: Unable to start embedded Tomcat
2019-08-12 18:31:38,043 INFO [main] o.s.b.a.l.ConditionEvaluationReportLoggingListener [ConditionEvaluationReportLoggingListener.java : 136] 

Error starting ApplicationContext. To display the conditions report re-run your application with 'debug' enabled.
2019-08-12 18:31:38,169 ERROR [main] o.s.b.d.LoggingFailureAnalysisReporter [LoggingFailureAnalysisReporter.java : 40] 

***************************
APPLICATION FAILED TO START
***************************

Description:

Field userService in cc.saxfore.incubation.servlet.IBUserServlet required a bean of type 'cc.saxfore.incubation.mapper.IBUserMapper' that could not be found.

The injection point has the following annotations:
	- @org.springframework.beans.factory.annotation.Autowired(required=true)


Action:

Consider defining a bean of type 'cc.saxfore.incubation.mapper.IBUserMapper' in your configuration.

2019-08-12 20:11:33,039 INFO [main] c.s.incubation.IncubationApplication [StartupInfoLogger.java : 50] Starting IncubationApplication on MacBook.local with PID 6093 (/Users/john/gitHub-workspace/incubation/target/classes started by john in /Users/john/gitHub-workspace/incubation)
2019-08-12 20:11:33,046 INFO [main] c.s.incubation.IncubationApplication [SpringApplication.java : 647] No active profile set, falling back to default profiles: default
2019-08-12 20:11:34,050 INFO [main] o.s.c.s.PostProcessorRegistrationDelegate$BeanPostProcessorChecker [PostProcessorRegistrationDelegate.java : 330] Bean 'org.springframework.transaction.annotation.ProxyTransactionManagementConfiguration' of type [org.springframework.transaction.annotation.ProxyTransactionManagementConfiguration$$EnhancerBySpringCGLIB$$35a7c4b2] is not eligible for getting processed by all BeanPostProcessors (for example: not eligible for auto-proxying)
2019-08-12 20:11:34,493 INFO [main] o.s.b.w.e.tomcat.TomcatWebServer [TomcatWebServer.java : 90] Tomcat initialized with port(s): 9090 (http)
2019-08-12 20:11:34,505 INFO [main] o.a.coyote.http11.Http11NioProtocol [DirectJDKLog.java : 173] Initializing ProtocolHandler ["http-nio-9090"]
2019-08-12 20:11:34,513 INFO [main] o.a.catalina.core.StandardService [DirectJDKLog.java : 173] Starting service [Tomcat]
2019-08-12 20:11:34,514 INFO [main] o.a.catalina.core.StandardEngine [DirectJDKLog.java : 173] Starting Servlet engine: [Apache Tomcat/9.0.22]
2019-08-12 20:11:34,594 INFO [main] o.a.c.c.C.[.[.[/incubation] [DirectJDKLog.java : 173] Initializing Spring embedded WebApplicationContext
2019-08-12 20:11:34,594 INFO [main] o.s.web.context.ContextLoader [ServletWebServerApplicationContext.java : 284] Root WebApplicationContext: initialization completed in 1514 ms
2019-08-12 20:11:34,992 INFO [main] c.s.i.filter.IncubationFilter [IncubationFilter.java : 29] IncubationFilter init ...
2019-08-12 20:11:35,510 INFO [main] s.d.s.w.PropertySourcedRequestMappingHandlerMapping [PropertySourcedRequestMappingHandlerMapping.java : 69] Mapped URL path [/v2/api-docs] onto method [public org.springframework.http.ResponseEntity<springfox.documentation.spring.web.json.Json> springfox.documentation.swagger2.web.Swagger2Controller.getDocumentation(java.lang.String,javax.servlet.http.HttpServletRequest)]
2019-08-12 20:11:35,790 INFO [main] o.s.s.c.ThreadPoolTaskExecutor [ExecutorConfigurationSupport.java : 171] Initializing ExecutorService 'applicationTaskExecutor'
2019-08-12 20:11:36,209 INFO [main] o.s.s.c.ThreadPoolTaskScheduler [ExecutorConfigurationSupport.java : 171] Initializing ExecutorService 'taskScheduler'
2019-08-12 20:11:36,278 INFO [main] s.d.s.w.p.DocumentationPluginsBootstrapper [DocumentationPluginsBootstrapper.java : 160] Context refreshed
2019-08-12 20:11:36,294 INFO [main] s.d.s.w.p.DocumentationPluginsBootstrapper [DocumentationPluginsBootstrapper.java : 163] Found 1 custom documentation plugin(s)
2019-08-12 20:11:36,322 INFO [main] s.d.s.w.s.ApiListingReferenceScanner [ApiListingReferenceScanner.java : 41] Scanning for api listing references
2019-08-12 20:11:36,430 INFO [main] s.d.s.w.r.o.CachingOperationNameGenerator [CachingOperationNameGenerator.java : 40] Generating unique operation named: indexUsingGET_1
2019-08-12 20:11:36,432 INFO [main] s.d.s.w.r.o.CachingOperationNameGenerator [CachingOperationNameGenerator.java : 40] Generating unique operation named: indexUsingHEAD_1
2019-08-12 20:11:36,434 INFO [main] s.d.s.w.r.o.CachingOperationNameGenerator [CachingOperationNameGenerator.java : 40] Generating unique operation named: indexUsingPOST_1
2019-08-12 20:11:36,437 INFO [main] s.d.s.w.r.o.CachingOperationNameGenerator [CachingOperationNameGenerator.java : 40] Generating unique operation named: indexUsingPUT_1
2019-08-12 20:11:36,439 INFO [main] s.d.s.w.r.o.CachingOperationNameGenerator [CachingOperationNameGenerator.java : 40] Generating unique operation named: indexUsingPATCH_1
2019-08-12 20:11:36,440 INFO [main] s.d.s.w.r.o.CachingOperationNameGenerator [CachingOperationNameGenerator.java : 40] Generating unique operation named: indexUsingDELETE_1
2019-08-12 20:11:36,442 INFO [main] s.d.s.w.r.o.CachingOperationNameGenerator [CachingOperationNameGenerator.java : 40] Generating unique operation named: indexUsingOPTIONS_1
2019-08-12 20:11:36,444 INFO [main] s.d.s.w.r.o.CachingOperationNameGenerator [CachingOperationNameGenerator.java : 40] Generating unique operation named: indexUsingTRACE_1
2019-08-12 20:11:36,454 INFO [main] s.d.s.w.r.o.CachingOperationNameGenerator [CachingOperationNameGenerator.java : 40] Generating unique operation named: indexUsingGET_2
2019-08-12 20:11:36,455 INFO [main] s.d.s.w.r.o.CachingOperationNameGenerator [CachingOperationNameGenerator.java : 40] Generating unique operation named: indexUsingHEAD_2
2019-08-12 20:11:36,457 INFO [main] s.d.s.w.r.o.CachingOperationNameGenerator [CachingOperationNameGenerator.java : 40] Generating unique operation named: indexUsingPOST_2
2019-08-12 20:11:36,459 INFO [main] s.d.s.w.r.o.CachingOperationNameGenerator [CachingOperationNameGenerator.java : 40] Generating unique operation named: indexUsingPUT_2
2019-08-12 20:11:36,461 INFO [main] s.d.s.w.r.o.CachingOperationNameGenerator [CachingOperationNameGenerator.java : 40] Generating unique operation named: indexUsingPATCH_2
2019-08-12 20:11:36,463 INFO [main] s.d.s.w.r.o.CachingOperationNameGenerator [CachingOperationNameGenerator.java : 40] Generating unique operation named: indexUsingDELETE_2
2019-08-12 20:11:36,464 INFO [main] s.d.s.w.r.o.CachingOperationNameGenerator [CachingOperationNameGenerator.java : 40] Generating unique operation named: indexUsingOPTIONS_2
2019-08-12 20:11:36,465 INFO [main] s.d.s.w.r.o.CachingOperationNameGenerator [CachingOperationNameGenerator.java : 40] Generating unique operation named: indexUsingTRACE_2
2019-08-12 20:11:36,467 INFO [main] s.d.s.w.r.o.CachingOperationNameGenerator [CachingOperationNameGenerator.java : 40] Generating unique operation named: indexUsingGET_3
2019-08-12 20:11:36,468 INFO [main] s.d.s.w.r.o.CachingOperationNameGenerator [CachingOperationNameGenerator.java : 40] Generating unique operation named: indexUsingHEAD_3
2019-08-12 20:11:36,474 INFO [main] s.d.s.w.r.o.CachingOperationNameGenerator [CachingOperationNameGenerator.java : 40] Generating unique operation named: indexUsingPOST_3
2019-08-12 20:11:36,475 INFO [main] s.d.s.w.r.o.CachingOperationNameGenerator [CachingOperationNameGenerator.java : 40] Generating unique operation named: indexUsingPUT_3
2019-08-12 20:11:36,477 INFO [main] s.d.s.w.r.o.CachingOperationNameGenerator [CachingOperationNameGenerator.java : 40] Generating unique operation named: indexUsingPATCH_3
2019-08-12 20:11:36,480 INFO [main] s.d.s.w.r.o.CachingOperationNameGenerator [CachingOperationNameGenerator.java : 40] Generating unique operation named: indexUsingDELETE_3
2019-08-12 20:11:36,482 INFO [main] s.d.s.w.r.o.CachingOperationNameGenerator [CachingOperationNameGenerator.java : 40] Generating unique operation named: indexUsingOPTIONS_3
2019-08-12 20:11:36,483 INFO [main] s.d.s.w.r.o.CachingOperationNameGenerator [CachingOperationNameGenerator.java : 40] Generating unique operation named: indexUsingTRACE_3
2019-08-12 20:11:36,490 INFO [main] s.d.s.w.r.o.CachingOperationNameGenerator [CachingOperationNameGenerator.java : 40] Generating unique operation named: indexUsingGET_4
2019-08-12 20:11:36,491 INFO [main] s.d.s.w.r.o.CachingOperationNameGenerator [CachingOperationNameGenerator.java : 40] Generating unique operation named: indexUsingHEAD_4
2019-08-12 20:11:36,492 INFO [main] s.d.s.w.r.o.CachingOperationNameGenerator [CachingOperationNameGenerator.java : 40] Generating unique operation named: indexUsingPOST_4
2019-08-12 20:11:36,493 INFO [main] s.d.s.w.r.o.CachingOperationNameGenerator [CachingOperationNameGenerator.java : 40] Generating unique operation named: indexUsingPUT_4
2019-08-12 20:11:36,493 INFO [main] s.d.s.w.r.o.CachingOperationNameGenerator [CachingOperationNameGenerator.java : 40] Generating unique operation named: indexUsingPATCH_4
2019-08-12 20:11:36,494 INFO [main] s.d.s.w.r.o.CachingOperationNameGenerator [CachingOperationNameGenerator.java : 40] Generating unique operation named: indexUsingDELETE_4
2019-08-12 20:11:36,495 INFO [main] s.d.s.w.r.o.CachingOperationNameGenerator [CachingOperationNameGenerator.java : 40] Generating unique operation named: indexUsingOPTIONS_4
2019-08-12 20:11:36,496 INFO [main] s.d.s.w.r.o.CachingOperationNameGenerator [CachingOperationNameGenerator.java : 40] Generating unique operation named: indexUsingTRACE_4
2019-08-12 20:11:36,497 INFO [main] s.d.s.w.r.o.CachingOperationNameGenerator [CachingOperationNameGenerator.java : 40] Generating unique operation named: indexUsingGET_5
2019-08-12 20:11:36,498 INFO [main] s.d.s.w.r.o.CachingOperationNameGenerator [CachingOperationNameGenerator.java : 40] Generating unique operation named: indexUsingHEAD_5
2019-08-12 20:11:36,499 INFO [main] s.d.s.w.r.o.CachingOperationNameGenerator [CachingOperationNameGenerator.java : 40] Generating unique operation named: indexUsingPOST_5
2019-08-12 20:11:36,502 INFO [main] s.d.s.w.r.o.CachingOperationNameGenerator [CachingOperationNameGenerator.java : 40] Generating unique operation named: indexUsingPUT_5
2019-08-12 20:11:36,503 INFO [main] s.d.s.w.r.o.CachingOperationNameGenerator [CachingOperationNameGenerator.java : 40] Generating unique operation named: indexUsingPATCH_5
2019-08-12 20:11:36,504 INFO [main] s.d.s.w.r.o.CachingOperationNameGenerator [CachingOperationNameGenerator.java : 40] Generating unique operation named: indexUsingDELETE_5
2019-08-12 20:11:36,505 INFO [main] s.d.s.w.r.o.CachingOperationNameGenerator [CachingOperationNameGenerator.java : 40] Generating unique operation named: indexUsingOPTIONS_5
2019-08-12 20:11:36,506 INFO [main] s.d.s.w.r.o.CachingOperationNameGenerator [CachingOperationNameGenerator.java : 40] Generating unique operation named: indexUsingTRACE_5
2019-08-12 20:11:36,527 INFO [main] o.a.coyote.http11.Http11NioProtocol [DirectJDKLog.java : 173] Starting ProtocolHandler ["http-nio-9090"]
2019-08-12 20:11:36,563 INFO [main] o.s.b.w.e.tomcat.TomcatWebServer [TomcatWebServer.java : 202] Tomcat started on port(s): 9090 (http) with context path '/incubation'
2019-08-12 20:11:36,567 INFO [main] c.s.incubation.IncubationApplication [StartupInfoLogger.java : 59] Started IncubationApplication in 23.863 seconds (JVM running for 29.901)
2019-08-12 20:12:00,005 INFO [scheduling-1] c.s.incubation.schedule.ScheduleTask [ScheduleTask.java : 34] ScheduleTask findDisableUsers ...
2019-08-12 20:12:00,022 INFO [scheduling-1] com.zaxxer.hikari.HikariDataSource [HikariDataSource.java : 110] DatebookHikariCP - Starting...
2019-08-12 20:12:00,141 INFO [scheduling-1] com.zaxxer.hikari.HikariDataSource [HikariDataSource.java : 123] DatebookHikariCP - Start completed.
2019-08-12 20:12:00,184 INFO [scheduling-1] c.s.incubation.schedule.ScheduleTask [ScheduleTask.java : 38] ScheduleTask findDisableUsers 查询结果：[{"id":"1","username":"admin","password":"admin","phone":"18600988990","address":"北京朝阳区"},{"id":"2","username":"wangjiang","password":"123456","phone":"18600988991","address":"北京昌平区"},{"id":"3","username":"saxfore","password":"111111","phone":"18600988992","address":"北京大兴"},{"id":"4","username":"mayun","password":"123","phone":"18600988993","address":"杭州"},{"id":"5","username":"mahuateng","password":"111","phone":"18600988994","address":"深圳"}]
2019-08-12 20:12:00,184 INFO [scheduling-1] c.s.incubation.schedule.ScheduleTask [ScheduleTask.java : 41] ScheduleTask findDisableUsers 执行时间：178ms
2019-08-12 20:12:12,041 INFO [http-nio-9090-exec-2] o.a.c.c.C.[.[.[/incubation] [DirectJDKLog.java : 173] Initializing Spring DispatcherServlet 'dispatcherServlet'
2019-08-12 20:12:12,042 INFO [http-nio-9090-exec-2] o.s.web.servlet.DispatcherServlet [FrameworkServlet.java : 524] Initializing Servlet 'dispatcherServlet'
2019-08-12 20:12:12,061 INFO [http-nio-9090-exec-2] o.s.web.servlet.DispatcherServlet [FrameworkServlet.java : 546] Completed initialization in 19 ms
2019-08-12 20:12:12,068 INFO [http-nio-9090-exec-2] c.s.i.filter.IncubationFilter [IncubationFilter.java : 34] IncubationFilter doFilter ...
2019-08-12 20:12:12,093 INFO [http-nio-9090-exec-2] c.s.i.filter.IncubationFilter [IncubationFilter.java : 43] ----请求地址:/incubation/swagger-ui.html, 耗时:24ms
2019-08-12 20:12:12,121 INFO [http-nio-9090-exec-3] c.s.i.filter.IncubationFilter [IncubationFilter.java : 34] IncubationFilter doFilter ...
2019-08-12 20:12:12,122 INFO [http-nio-9090-exec-5] c.s.i.filter.IncubationFilter [IncubationFilter.java : 34] IncubationFilter doFilter ...
2019-08-12 20:12:12,122 INFO [http-nio-9090-exec-4] c.s.i.filter.IncubationFilter [IncubationFilter.java : 34] IncubationFilter doFilter ...
2019-08-12 20:12:12,124 INFO [http-nio-9090-exec-7] c.s.i.filter.IncubationFilter [IncubationFilter.java : 34] IncubationFilter doFilter ...
2019-08-12 20:12:12,124 INFO [http-nio-9090-exec-6] c.s.i.filter.IncubationFilter [IncubationFilter.java : 34] IncubationFilter doFilter ...
2019-08-12 20:12:12,126 INFO [http-nio-9090-exec-3] c.s.i.filter.IncubationFilter [IncubationFilter.java : 43] ----请求地址:/incubation/webjars/springfox-swagger-ui/springfox.css, 耗时:4ms
2019-08-12 20:12:12,126 INFO [http-nio-9090-exec-3] c.s.i.filter.IncubationFilter [IncubationFilter.java : 71] ----请求参数:{v=[2.9.2];} ----
2019-08-12 20:12:12,130 INFO [http-nio-9090-exec-4] c.s.i.filter.IncubationFilter [IncubationFilter.java : 43] ----请求地址:/incubation/webjars/springfox-swagger-ui/swagger-ui.css, 耗时:8ms
2019-08-12 20:12:12,130 INFO [http-nio-9090-exec-4] c.s.i.filter.IncubationFilter [IncubationFilter.java : 71] ----请求参数:{v=[2.9.2];} ----
2019-08-12 20:12:12,133 INFO [http-nio-9090-exec-7] c.s.i.filter.IncubationFilter [IncubationFilter.java : 43] ----请求地址:/incubation/webjars/springfox-swagger-ui/springfox.js, 耗时:9ms
2019-08-12 20:12:12,133 INFO [http-nio-9090-exec-7] c.s.i.filter.IncubationFilter [IncubationFilter.java : 71] ----请求参数:{v=[2.9.2];} ----
2019-08-12 20:12:12,137 INFO [http-nio-9090-exec-6] c.s.i.filter.IncubationFilter [IncubationFilter.java : 43] ----请求地址:/incubation/webjars/springfox-swagger-ui/swagger-ui-standalone-preset.js, 耗时:13ms
2019-08-12 20:12:12,138 INFO [http-nio-9090-exec-6] c.s.i.filter.IncubationFilter [IncubationFilter.java : 71] ----请求参数:{v=[2.9.2];} ----
2019-08-12 20:12:12,149 INFO [http-nio-9090-exec-5] c.s.i.filter.IncubationFilter [IncubationFilter.java : 43] ----请求地址:/incubation/webjars/springfox-swagger-ui/swagger-ui-bundle.js, 耗时:27ms
2019-08-12 20:12:12,149 INFO [http-nio-9090-exec-5] c.s.i.filter.IncubationFilter [IncubationFilter.java : 71] ----请求参数:{v=[2.9.2];} ----
2019-08-12 20:12:12,380 INFO [http-nio-9090-exec-8] c.s.i.filter.IncubationFilter [IncubationFilter.java : 34] IncubationFilter doFilter ...
2019-08-12 20:12:12,384 INFO [http-nio-9090-exec-9] c.s.i.filter.IncubationFilter [IncubationFilter.java : 34] IncubationFilter doFilter ...
2019-08-12 20:12:12,386 INFO [http-nio-9090-exec-9] c.s.i.filter.IncubationFilter [IncubationFilter.java : 43] ----请求地址:/incubation/webjars/springfox-swagger-ui/favicon-32x32.png, 耗时:1ms
2019-08-12 20:12:12,387 INFO [http-nio-9090-exec-9] c.s.i.filter.IncubationFilter [IncubationFilter.java : 71] ----请求参数:{v=[2.9.2];} ----
2019-08-12 20:12:12,433 INFO [http-nio-9090-exec-8] c.s.i.filter.IncubationFilter [IncubationFilter.java : 43] ----请求地址:/incubation/swagger-resources/configuration/ui, 耗时:52ms
2019-08-12 20:12:12,438 INFO [http-nio-9090-exec-10] c.s.i.filter.IncubationFilter [IncubationFilter.java : 34] IncubationFilter doFilter ...
2019-08-12 20:12:12,445 INFO [http-nio-9090-exec-10] c.s.i.filter.IncubationFilter [IncubationFilter.java : 43] ----请求地址:/incubation/swagger-resources/configuration/security, 耗时:7ms
2019-08-12 20:12:12,448 INFO [http-nio-9090-exec-1] c.s.i.filter.IncubationFilter [IncubationFilter.java : 34] IncubationFilter doFilter ...
2019-08-12 20:12:12,454 INFO [http-nio-9090-exec-1] c.s.i.filter.IncubationFilter [IncubationFilter.java : 43] ----请求地址:/incubation/swagger-resources, 耗时:6ms
2019-08-12 20:12:12,492 INFO [http-nio-9090-exec-2] c.s.i.filter.IncubationFilter [IncubationFilter.java : 34] IncubationFilter doFilter ...
2019-08-12 20:12:12,492 INFO [http-nio-9090-exec-3] c.s.i.filter.IncubationFilter [IncubationFilter.java : 34] IncubationFilter doFilter ...
2019-08-12 20:12:12,496 INFO [http-nio-9090-exec-3] c.s.i.aspect.ControllerClassesAspect [ControllerClassesAspect.java : 92] ControllerClassesAspect doAroundAdvice ...
2019-08-12 20:12:12,498 INFO [http-nio-9090-exec-3] c.s.i.aspect.ControllerClassesAspect [ControllerClassesAspect.java : 96] ControllerClassesAspect doAroundAdvice 环绕通知的目标方法: cc.saxfore.incubation.controller.IBBaseController.index
2019-08-12 20:12:12,500 INFO [http-nio-9090-exec-3] c.s.i.aspect.ControllerClassesAspect [ControllerClassesAspect.java : 38] ControllerClassesAspect doBefore ...
2019-08-12 20:12:12,500 INFO [http-nio-9090-exec-3] c.s.i.aspect.ControllerClassesAspect [ControllerClassesAspect.java : 44] ControllerClassesAspect doBefore 调用方法: cc.saxfore.incubation.controller.IBBaseController.index
2019-08-12 20:12:12,500 INFO [http-nio-9090-exec-3] c.s.i.aspect.ControllerClassesAspect [ControllerClassesAspect.java : 45] ControllerClassesAspect doBefore 请求参数: []
2019-08-12 20:12:12,505 INFO [http-nio-9090-exec-3] c.s.i.aspect.ControllerClassesAspect [ControllerClassesAspect.java : 100] ControllerClassesAspect doAroundAdvice 环绕通知返回：{"code":400,"msg":"欢迎访问incubation项目！","data":""}
2019-08-12 20:12:12,506 INFO [http-nio-9090-exec-3] c.s.i.aspect.ControllerClassesAspect [ControllerClassesAspect.java : 56] ControllerClassesAspect doAfterReturning ...
2019-08-12 20:12:12,506 INFO [http-nio-9090-exec-3] c.s.i.aspect.ControllerClassesAspect [ControllerClassesAspect.java : 63] ControllerClassesAspect doAfterReturning 调用方法: cc.saxfore.incubation.controller.IBBaseController.index
2019-08-12 20:12:12,506 INFO [http-nio-9090-exec-3] c.s.i.aspect.ControllerClassesAspect [ControllerClassesAspect.java : 64] ControllerClassesAspect doAfterReturning 返回结果: {"code":400,"msg":"欢迎访问incubation项目！","data":""}
2019-08-12 20:12:12,510 INFO [http-nio-9090-exec-3] c.s.i.filter.IncubationFilter [IncubationFilter.java : 43] ----请求地址:/incubation/, 耗时:18ms
2019-08-12 20:12:12,551 INFO [http-nio-9090-exec-4] c.s.i.filter.IncubationFilter [IncubationFilter.java : 34] IncubationFilter doFilter ...
2019-08-12 20:12:12,551 INFO [http-nio-9090-exec-7] c.s.i.filter.IncubationFilter [IncubationFilter.java : 34] IncubationFilter doFilter ...
2019-08-12 20:12:12,555 INFO [http-nio-9090-exec-4] c.s.i.filter.IncubationFilter [IncubationFilter.java : 43] ----请求地址:/incubation/webjars/springfox-swagger-ui/fonts/titillium-web-v6-latin-700.woff2, 耗时:4ms
2019-08-12 20:12:12,556 INFO [http-nio-9090-exec-7] c.s.i.filter.IncubationFilter [IncubationFilter.java : 43] ----请求地址:/incubation/webjars/springfox-swagger-ui/fonts/open-sans-v15-latin-regular.woff2, 耗时:5ms
2019-08-12 20:12:12,567 INFO [http-nio-9090-exec-6] c.s.i.filter.IncubationFilter [IncubationFilter.java : 34] IncubationFilter doFilter ...
2019-08-12 20:12:12,569 INFO [http-nio-9090-exec-6] c.s.i.filter.IncubationFilter [IncubationFilter.java : 43] ----请求地址:/incubation/csrf, 耗时:1ms
2019-08-12 20:12:12,596 INFO [http-nio-9090-exec-2] c.s.i.filter.IncubationFilter [IncubationFilter.java : 43] ----请求地址:/incubation/v2/api-docs, 耗时:104ms
2019-08-12 20:12:12,711 INFO [http-nio-9090-exec-9] c.s.i.filter.IncubationFilter [IncubationFilter.java : 34] IncubationFilter doFilter ...
2019-08-12 20:12:12,711 INFO [http-nio-9090-exec-5] c.s.i.filter.IncubationFilter [IncubationFilter.java : 34] IncubationFilter doFilter ...
2019-08-12 20:12:12,714 INFO [http-nio-9090-exec-9] c.s.i.filter.IncubationFilter [IncubationFilter.java : 43] ----请求地址:/incubation/webjars/springfox-swagger-ui/fonts/source-code-pro-v7-latin-300.woff2, 耗时:3ms
2019-08-12 20:12:12,714 INFO [http-nio-9090-exec-5] c.s.i.filter.IncubationFilter [IncubationFilter.java : 43] ----请求地址:/incubation/webjars/springfox-swagger-ui/fonts/open-sans-v15-latin-700.woff2, 耗时:3ms
2019-08-12 20:12:16,294 INFO [http-nio-9090-exec-8] c.s.i.filter.IncubationFilter [IncubationFilter.java : 34] IncubationFilter doFilter ...
2019-08-12 20:12:16,297 INFO [http-nio-9090-exec-8] c.s.i.filter.IncubationFilter [IncubationFilter.java : 43] ----请求地址:/incubation/webjars/springfox-swagger-ui/fonts/source-code-pro-v7-latin-600.woff2, 耗时:2ms
2019-08-12 20:12:39,579 INFO [http-nio-9090-exec-10] c.s.i.filter.IncubationFilter [IncubationFilter.java : 34] IncubationFilter doFilter ...
2019-08-12 20:12:39,581 INFO [http-nio-9090-exec-10] c.s.i.filter.IncubationFilter [IncubationFilter.java : 43] ----请求地址:/incubation/webjars/springfox-swagger-ui/fonts/titillium-web-v6-latin-600.woff2, 耗时:2ms
2019-08-12 20:12:54,948 INFO [http-nio-9090-exec-1] c.s.i.filter.IncubationFilter [IncubationFilter.java : 34] IncubationFilter doFilter ...
2019-08-12 20:12:54,950 INFO [http-nio-9090-exec-1] c.s.i.filter.IncubationFilter [IncubationFilter.java : 43] ----请求地址:/incubation/webjars/springfox-swagger-ui/fonts/titillium-web-v6-latin-regular.woff2, 耗时:2ms
2019-08-12 20:13:00,001 INFO [scheduling-1] c.s.incubation.schedule.ScheduleTask [ScheduleTask.java : 34] ScheduleTask findDisableUsers ...
2019-08-12 20:13:00,006 INFO [scheduling-1] c.s.incubation.schedule.ScheduleTask [ScheduleTask.java : 38] ScheduleTask findDisableUsers 查询结果：[{"id":"1","username":"admin","password":"admin","phone":"18600988990","address":"北京朝阳区"},{"id":"2","username":"wangjiang","password":"123456","phone":"18600988991","address":"北京昌平区"},{"id":"3","username":"saxfore","password":"111111","phone":"18600988992","address":"北京大兴"},{"id":"4","username":"mayun","password":"123","phone":"18600988993","address":"杭州"},{"id":"5","username":"mahuateng","password":"111","phone":"18600988994","address":"深圳"}]
2019-08-12 20:13:00,007 INFO [scheduling-1] c.s.incubation.schedule.ScheduleTask [ScheduleTask.java : 41] ScheduleTask findDisableUsers 执行时间：6ms
2019-08-12 20:14:00,004 INFO [scheduling-1] c.s.incubation.schedule.ScheduleTask [ScheduleTask.java : 34] ScheduleTask findDisableUsers ...
2019-08-12 20:14:00,010 INFO [scheduling-1] c.s.incubation.schedule.ScheduleTask [ScheduleTask.java : 38] ScheduleTask findDisableUsers 查询结果：[{"id":"1","username":"admin","password":"admin","phone":"18600988990","address":"北京朝阳区"},{"id":"2","username":"wangjiang","password":"123456","phone":"18600988991","address":"北京昌平区"},{"id":"3","username":"saxfore","password":"111111","phone":"18600988992","address":"北京大兴"},{"id":"4","username":"mayun","password":"123","phone":"18600988993","address":"杭州"},{"id":"5","username":"mahuateng","password":"111","phone":"18600988994","address":"深圳"}]
2019-08-12 20:14:00,011 INFO [scheduling-1] c.s.incubation.schedule.ScheduleTask [ScheduleTask.java : 41] ScheduleTask findDisableUsers 执行时间：5ms
2019-08-12 20:15:00,004 INFO [scheduling-1] c.s.incubation.schedule.ScheduleTask [ScheduleTask.java : 34] ScheduleTask findDisableUsers ...
2019-08-12 20:15:00,012 INFO [scheduling-1] c.s.incubation.schedule.ScheduleTask [ScheduleTask.java : 38] ScheduleTask findDisableUsers 查询结果：[{"id":"1","username":"admin","password":"admin","phone":"18600988990","address":"北京朝阳区"},{"id":"2","username":"wangjiang","password":"123456","phone":"18600988991","address":"北京昌平区"},{"id":"3","username":"saxfore","password":"111111","phone":"18600988992","address":"北京大兴"},{"id":"4","username":"mayun","password":"123","phone":"18600988993","address":"杭州"},{"id":"5","username":"mahuateng","password":"111","phone":"18600988994","address":"深圳"}]
2019-08-12 20:15:00,012 INFO [scheduling-1] c.s.incubation.schedule.ScheduleTask [ScheduleTask.java : 41] ScheduleTask findDisableUsers 执行时间：6ms
2019-08-12 20:16:00,001 INFO [scheduling-1] c.s.incubation.schedule.ScheduleTask [ScheduleTask.java : 34] ScheduleTask findDisableUsers ...
2019-08-12 20:16:00,007 INFO [scheduling-1] c.s.incubation.schedule.ScheduleTask [ScheduleTask.java : 38] ScheduleTask findDisableUsers 查询结果：[{"id":"1","username":"admin","password":"admin","phone":"18600988990","address":"北京朝阳区"},{"id":"2","username":"wangjiang","password":"123456","phone":"18600988991","address":"北京昌平区"},{"id":"3","username":"saxfore","password":"111111","phone":"18600988992","address":"北京大兴"},{"id":"4","username":"mayun","password":"123","phone":"18600988993","address":"杭州"},{"id":"5","username":"mahuateng","password":"111","phone":"18600988994","address":"深圳"}]
2019-08-12 20:16:00,007 INFO [scheduling-1] c.s.incubation.schedule.ScheduleTask [ScheduleTask.java : 41] ScheduleTask findDisableUsers 执行时间：4ms
2019-08-12 20:17:00,003 INFO [scheduling-1] c.s.incubation.schedule.ScheduleTask [ScheduleTask.java : 34] ScheduleTask findDisableUsers ...
2019-08-12 20:17:00,009 INFO [scheduling-1] c.s.incubation.schedule.ScheduleTask [ScheduleTask.java : 38] ScheduleTask findDisableUsers 查询结果：[{"id":"1","username":"admin","password":"admin","phone":"18600988990","address":"北京朝阳区"},{"id":"2","username":"wangjiang","password":"123456","phone":"18600988991","address":"北京昌平区"},{"id":"3","username":"saxfore","password":"111111","phone":"18600988992","address":"北京大兴"},{"id":"4","username":"mayun","password":"123","phone":"18600988993","address":"杭州"},{"id":"5","username":"mahuateng","password":"111","phone":"18600988994","address":"深圳"}]
2019-08-12 20:17:00,009 INFO [scheduling-1] c.s.incubation.schedule.ScheduleTask [ScheduleTask.java : 41] ScheduleTask findDisableUsers 执行时间：5ms
2019-08-12 20:17:43,390 INFO [Thread-51] o.s.s.c.ThreadPoolTaskScheduler [ExecutorConfigurationSupport.java : 208] Shutting down ExecutorService 'taskScheduler'
2019-08-12 20:17:43,392 INFO [Thread-51] o.s.s.c.ThreadPoolTaskExecutor [ExecutorConfigurationSupport.java : 208] Shutting down ExecutorService 'applicationTaskExecutor'
2019-08-12 20:17:43,394 INFO [Thread-51] com.zaxxer.hikari.HikariDataSource [HikariDataSource.java : 350] DatebookHikariCP - Shutdown initiated...
2019-08-12 20:17:43,400 INFO [Thread-51] com.zaxxer.hikari.HikariDataSource [HikariDataSource.java : 352] DatebookHikariCP - Shutdown completed.
2019-08-12 20:17:43,413 INFO [Thread-51] c.s.i.filter.IncubationFilter [IncubationFilter.java : 49] IncubationFilter destroy ...
2019-08-12 20:23:44,200 INFO [main] c.s.incubation.IncubationApplication [StartupInfoLogger.java : 50] Starting IncubationApplication on MacBook.local with PID 6151 (/Users/john/gitHub-workspace/incubation/target/classes started by john in /Users/john/gitHub-workspace/incubation)
2019-08-12 20:23:44,204 INFO [main] c.s.incubation.IncubationApplication [SpringApplication.java : 647] No active profile set, falling back to default profiles: default
2019-08-12 20:23:45,105 INFO [main] o.s.c.s.PostProcessorRegistrationDelegate$BeanPostProcessorChecker [PostProcessorRegistrationDelegate.java : 330] Bean 'org.springframework.transaction.annotation.ProxyTransactionManagementConfiguration' of type [org.springframework.transaction.annotation.ProxyTransactionManagementConfiguration$$EnhancerBySpringCGLIB$$41379667] is not eligible for getting processed by all BeanPostProcessors (for example: not eligible for auto-proxying)
2019-08-12 20:23:45,471 INFO [main] o.s.b.w.e.tomcat.TomcatWebServer [TomcatWebServer.java : 90] Tomcat initialized with port(s): 9090 (http)
2019-08-12 20:23:45,481 INFO [main] o.a.coyote.http11.Http11NioProtocol [DirectJDKLog.java : 173] Initializing ProtocolHandler ["http-nio-9090"]
2019-08-12 20:23:45,489 INFO [main] o.a.catalina.core.StandardService [DirectJDKLog.java : 173] Starting service [Tomcat]
2019-08-12 20:23:45,489 INFO [main] o.a.catalina.core.StandardEngine [DirectJDKLog.java : 173] Starting Servlet engine: [Apache Tomcat/9.0.22]
2019-08-12 20:23:45,554 INFO [main] o.a.c.c.C.[.[.[/incubation] [DirectJDKLog.java : 173] Initializing Spring embedded WebApplicationContext
2019-08-12 20:23:45,554 INFO [main] o.s.web.context.ContextLoader [ServletWebServerApplicationContext.java : 284] Root WebApplicationContext: initialization completed in 1314 ms
2019-08-12 20:23:45,899 INFO [main] c.s.i.filter.IncubationFilter [IncubationFilter.java : 29] IncubationFilter init ...
2019-08-12 20:23:46,426 INFO [main] s.d.s.w.PropertySourcedRequestMappingHandlerMapping [PropertySourcedRequestMappingHandlerMapping.java : 69] Mapped URL path [/v2/api-docs] onto method [public org.springframework.http.ResponseEntity<springfox.documentation.spring.web.json.Json> springfox.documentation.swagger2.web.Swagger2Controller.getDocumentation(java.lang.String,javax.servlet.http.HttpServletRequest)]
2019-08-12 20:23:46,698 INFO [main] o.s.s.c.ThreadPoolTaskExecutor [ExecutorConfigurationSupport.java : 171] Initializing ExecutorService 'applicationTaskExecutor'
2019-08-12 20:23:47,078 INFO [main] o.s.s.c.ThreadPoolTaskScheduler [ExecutorConfigurationSupport.java : 171] Initializing ExecutorService 'taskScheduler'
2019-08-12 20:23:47,140 INFO [main] s.d.s.w.p.DocumentationPluginsBootstrapper [DocumentationPluginsBootstrapper.java : 160] Context refreshed
2019-08-12 20:23:47,153 INFO [main] s.d.s.w.p.DocumentationPluginsBootstrapper [DocumentationPluginsBootstrapper.java : 163] Found 1 custom documentation plugin(s)
2019-08-12 20:23:47,177 INFO [main] s.d.s.w.s.ApiListingReferenceScanner [ApiListingReferenceScanner.java : 41] Scanning for api listing references
2019-08-12 20:23:47,270 INFO [main] s.d.s.w.r.o.CachingOperationNameGenerator [CachingOperationNameGenerator.java : 40] Generating unique operation named: indexUsingGET_1
2019-08-12 20:23:47,271 INFO [main] s.d.s.w.r.o.CachingOperationNameGenerator [CachingOperationNameGenerator.java : 40] Generating unique operation named: indexUsingHEAD_1
2019-08-12 20:23:47,272 INFO [main] s.d.s.w.r.o.CachingOperationNameGenerator [CachingOperationNameGenerator.java : 40] Generating unique operation named: indexUsingPOST_1
2019-08-12 20:23:47,274 INFO [main] s.d.s.w.r.o.CachingOperationNameGenerator [CachingOperationNameGenerator.java : 40] Generating unique operation named: indexUsingPUT_1
2019-08-12 20:23:47,275 INFO [main] s.d.s.w.r.o.CachingOperationNameGenerator [CachingOperationNameGenerator.java : 40] Generating unique operation named: indexUsingPATCH_1
2019-08-12 20:23:47,276 INFO [main] s.d.s.w.r.o.CachingOperationNameGenerator [CachingOperationNameGenerator.java : 40] Generating unique operation named: indexUsingDELETE_1
2019-08-12 20:23:47,277 INFO [main] s.d.s.w.r.o.CachingOperationNameGenerator [CachingOperationNameGenerator.java : 40] Generating unique operation named: indexUsingOPTIONS_1
2019-08-12 20:23:47,279 INFO [main] s.d.s.w.r.o.CachingOperationNameGenerator [CachingOperationNameGenerator.java : 40] Generating unique operation named: indexUsingTRACE_1
2019-08-12 20:23:47,291 INFO [main] s.d.s.w.r.o.CachingOperationNameGenerator [CachingOperationNameGenerator.java : 40] Generating unique operation named: indexUsingGET_2
2019-08-12 20:23:47,292 INFO [main] s.d.s.w.r.o.CachingOperationNameGenerator [CachingOperationNameGenerator.java : 40] Generating unique operation named: indexUsingHEAD_2
2019-08-12 20:23:47,293 INFO [main] s.d.s.w.r.o.CachingOperationNameGenerator [CachingOperationNameGenerator.java : 40] Generating unique operation named: indexUsingPOST_2
2019-08-12 20:23:47,294 INFO [main] s.d.s.w.r.o.CachingOperationNameGenerator [CachingOperationNameGenerator.java : 40] Generating unique operation named: indexUsingPUT_2
2019-08-12 20:23:47,295 INFO [main] s.d.s.w.r.o.CachingOperationNameGenerator [CachingOperationNameGenerator.java : 40] Generating unique operation named: indexUsingPATCH_2
2019-08-12 20:23:47,296 INFO [main] s.d.s.w.r.o.CachingOperationNameGenerator [CachingOperationNameGenerator.java : 40] Generating unique operation named: indexUsingDELETE_2
2019-08-12 20:23:47,297 INFO [main] s.d.s.w.r.o.CachingOperationNameGenerator [CachingOperationNameGenerator.java : 40] Generating unique operation named: indexUsingOPTIONS_2
2019-08-12 20:23:47,298 INFO [main] s.d.s.w.r.o.CachingOperationNameGenerator [CachingOperationNameGenerator.java : 40] Generating unique operation named: indexUsingTRACE_2
2019-08-12 20:23:47,299 INFO [main] s.d.s.w.r.o.CachingOperationNameGenerator [CachingOperationNameGenerator.java : 40] Generating unique operation named: indexUsingGET_3
2019-08-12 20:23:47,300 INFO [main] s.d.s.w.r.o.CachingOperationNameGenerator [CachingOperationNameGenerator.java : 40] Generating unique operation named: indexUsingHEAD_3
2019-08-12 20:23:47,301 INFO [main] s.d.s.w.r.o.CachingOperationNameGenerator [CachingOperationNameGenerator.java : 40] Generating unique operation named: indexUsingPOST_3
2019-08-12 20:23:47,302 INFO [main] s.d.s.w.r.o.CachingOperationNameGenerator [CachingOperationNameGenerator.java : 40] Generating unique operation named: indexUsingPUT_3
2019-08-12 20:23:47,303 INFO [main] s.d.s.w.r.o.CachingOperationNameGenerator [CachingOperationNameGenerator.java : 40] Generating unique operation named: indexUsingPATCH_3
2019-08-12 20:23:47,304 INFO [main] s.d.s.w.r.o.CachingOperationNameGenerator [CachingOperationNameGenerator.java : 40] Generating unique operation named: indexUsingDELETE_3
2019-08-12 20:23:47,305 INFO [main] s.d.s.w.r.o.CachingOperationNameGenerator [CachingOperationNameGenerator.java : 40] Generating unique operation named: indexUsingOPTIONS_3
2019-08-12 20:23:47,307 INFO [main] s.d.s.w.r.o.CachingOperationNameGenerator [CachingOperationNameGenerator.java : 40] Generating unique operation named: indexUsingTRACE_3
2019-08-12 20:23:47,315 INFO [main] s.d.s.w.r.o.CachingOperationNameGenerator [CachingOperationNameGenerator.java : 40] Generating unique operation named: indexUsingGET_4
2019-08-12 20:23:47,316 INFO [main] s.d.s.w.r.o.CachingOperationNameGenerator [CachingOperationNameGenerator.java : 40] Generating unique operation named: indexUsingHEAD_4
2019-08-12 20:23:47,317 INFO [main] s.d.s.w.r.o.CachingOperationNameGenerator [CachingOperationNameGenerator.java : 40] Generating unique operation named: indexUsingPOST_4
2019-08-12 20:23:47,318 INFO [main] s.d.s.w.r.o.CachingOperationNameGenerator [CachingOperationNameGenerator.java : 40] Generating unique operation named: indexUsingPUT_4
2019-08-12 20:23:47,319 INFO [main] s.d.s.w.r.o.CachingOperationNameGenerator [CachingOperationNameGenerator.java : 40] Generating unique operation named: indexUsingPATCH_4
2019-08-12 20:23:47,319 INFO [main] s.d.s.w.r.o.CachingOperationNameGenerator [CachingOperationNameGenerator.java : 40] Generating unique operation named: indexUsingDELETE_4
2019-08-12 20:23:47,320 INFO [main] s.d.s.w.r.o.CachingOperationNameGenerator [CachingOperationNameGenerator.java : 40] Generating unique operation named: indexUsingOPTIONS_4
2019-08-12 20:23:47,321 INFO [main] s.d.s.w.r.o.CachingOperationNameGenerator [CachingOperationNameGenerator.java : 40] Generating unique operation named: indexUsingTRACE_4
2019-08-12 20:23:47,322 INFO [main] s.d.s.w.r.o.CachingOperationNameGenerator [CachingOperationNameGenerator.java : 40] Generating unique operation named: indexUsingGET_5
2019-08-12 20:23:47,322 INFO [main] s.d.s.w.r.o.CachingOperationNameGenerator [CachingOperationNameGenerator.java : 40] Generating unique operation named: indexUsingHEAD_5
2019-08-12 20:23:47,323 INFO [main] s.d.s.w.r.o.CachingOperationNameGenerator [CachingOperationNameGenerator.java : 40] Generating unique operation named: indexUsingPOST_5
2019-08-12 20:23:47,324 INFO [main] s.d.s.w.r.o.CachingOperationNameGenerator [CachingOperationNameGenerator.java : 40] Generating unique operation named: indexUsingPUT_5
2019-08-12 20:23:47,325 INFO [main] s.d.s.w.r.o.CachingOperationNameGenerator [CachingOperationNameGenerator.java : 40] Generating unique operation named: indexUsingPATCH_5
2019-08-12 20:23:47,325 INFO [main] s.d.s.w.r.o.CachingOperationNameGenerator [CachingOperationNameGenerator.java : 40] Generating unique operation named: indexUsingDELETE_5
2019-08-12 20:23:47,326 INFO [main] s.d.s.w.r.o.CachingOperationNameGenerator [CachingOperationNameGenerator.java : 40] Generating unique operation named: indexUsingOPTIONS_5
2019-08-12 20:23:47,327 INFO [main] s.d.s.w.r.o.CachingOperationNameGenerator [CachingOperationNameGenerator.java : 40] Generating unique operation named: indexUsingTRACE_5
2019-08-12 20:23:47,349 INFO [main] o.a.coyote.http11.Http11NioProtocol [DirectJDKLog.java : 173] Starting ProtocolHandler ["http-nio-9090"]
2019-08-12 20:23:47,390 INFO [main] o.s.b.w.e.tomcat.TomcatWebServer [TomcatWebServer.java : 202] Tomcat started on port(s): 9090 (http) with context path '/incubation'
2019-08-12 20:23:47,397 INFO [main] c.s.incubation.IncubationApplication [StartupInfoLogger.java : 59] Started IncubationApplication in 23.477 seconds (JVM running for 29.379)
2019-08-12 20:24:00,004 INFO [scheduling-1] c.s.incubation.schedule.ScheduleTask [ScheduleTask.java : 34] ScheduleTask findDisableUsers ...
2019-08-12 20:24:00,023 INFO [scheduling-1] com.zaxxer.hikari.HikariDataSource [HikariDataSource.java : 110] DatebookHikariCP - Starting...
2019-08-12 20:24:00,158 INFO [scheduling-1] com.zaxxer.hikari.HikariDataSource [HikariDataSource.java : 123] DatebookHikariCP - Start completed.
2019-08-12 20:24:00,202 INFO [scheduling-1] c.s.incubation.schedule.ScheduleTask [ScheduleTask.java : 38] ScheduleTask findDisableUsers 查询结果：[{"id":"1","username":"admin","password":"admin","phone":"18600988990","address":"北京朝阳区"},{"id":"2","username":"wangjiang","password":"123456","phone":"18600988991","address":"北京昌平区"},{"id":"3","username":"saxfore","password":"111111","phone":"18600988992","address":"北京大兴"},{"id":"4","username":"mayun","password":"123","phone":"18600988993","address":"杭州"},{"id":"5","username":"mahuateng","password":"111","phone":"18600988994","address":"深圳"}]
2019-08-12 20:24:00,202 INFO [scheduling-1] c.s.incubation.schedule.ScheduleTask [ScheduleTask.java : 41] ScheduleTask findDisableUsers 执行时间：196ms
2019-08-12 20:24:38,553 INFO [http-nio-9090-exec-1] o.a.c.c.C.[.[.[/incubation] [DirectJDKLog.java : 173] Initializing Spring DispatcherServlet 'dispatcherServlet'
2019-08-12 20:24:38,555 INFO [http-nio-9090-exec-1] o.s.web.servlet.DispatcherServlet [FrameworkServlet.java : 524] Initializing Servlet 'dispatcherServlet'
2019-08-12 20:24:38,571 INFO [http-nio-9090-exec-1] o.s.web.servlet.DispatcherServlet [FrameworkServlet.java : 546] Completed initialization in 16 ms
2019-08-12 20:24:38,578 INFO [http-nio-9090-exec-1] c.s.i.filter.IncubationFilter [IncubationFilter.java : 34] IncubationFilter doFilter ...
2019-08-12 20:24:38,590 INFO [http-nio-9090-exec-1] c.s.i.filter.IncubationFilter [IncubationFilter.java : 43] ----请求地址:/incubation/swagger-ui.html, 耗时:12ms
2019-08-12 20:24:38,859 INFO [http-nio-9090-exec-2] c.s.i.filter.IncubationFilter [IncubationFilter.java : 34] IncubationFilter doFilter ...
2019-08-12 20:24:38,917 INFO [http-nio-9090-exec-2] c.s.i.filter.IncubationFilter [IncubationFilter.java : 43] ----请求地址:/incubation/swagger-resources/configuration/ui, 耗时:57ms
2019-08-12 20:24:38,921 INFO [http-nio-9090-exec-3] c.s.i.filter.IncubationFilter [IncubationFilter.java : 34] IncubationFilter doFilter ...
2019-08-12 20:24:38,928 INFO [http-nio-9090-exec-3] c.s.i.filter.IncubationFilter [IncubationFilter.java : 43] ----请求地址:/incubation/swagger-resources/configuration/security, 耗时:7ms
2019-08-12 20:24:38,931 INFO [http-nio-9090-exec-4] c.s.i.filter.IncubationFilter [IncubationFilter.java : 34] IncubationFilter doFilter ...
2019-08-12 20:24:38,937 INFO [http-nio-9090-exec-4] c.s.i.filter.IncubationFilter [IncubationFilter.java : 43] ----请求地址:/incubation/swagger-resources, 耗时:6ms
2019-08-12 20:24:38,971 INFO [http-nio-9090-exec-5] c.s.i.filter.IncubationFilter [IncubationFilter.java : 34] IncubationFilter doFilter ...
2019-08-12 20:24:38,971 INFO [http-nio-9090-exec-6] c.s.i.filter.IncubationFilter [IncubationFilter.java : 34] IncubationFilter doFilter ...
2019-08-12 20:24:38,975 INFO [http-nio-9090-exec-6] c.s.i.aspect.ControllerClassesAspect [ControllerClassesAspect.java : 92] ControllerClassesAspect doAroundAdvice ...
2019-08-12 20:24:38,978 INFO [http-nio-9090-exec-6] c.s.i.aspect.ControllerClassesAspect [ControllerClassesAspect.java : 96] ControllerClassesAspect doAroundAdvice 环绕通知的目标方法: cc.saxfore.incubation.controller.IBBaseController.index
2019-08-12 20:24:38,978 INFO [http-nio-9090-exec-6] c.s.i.aspect.ControllerClassesAspect [ControllerClassesAspect.java : 38] ControllerClassesAspect doBefore ...
2019-08-12 20:24:38,979 INFO [http-nio-9090-exec-6] c.s.i.aspect.ControllerClassesAspect [ControllerClassesAspect.java : 44] ControllerClassesAspect doBefore 调用方法: cc.saxfore.incubation.controller.IBBaseController.index
2019-08-12 20:24:38,979 INFO [http-nio-9090-exec-6] c.s.i.aspect.ControllerClassesAspect [ControllerClassesAspect.java : 45] ControllerClassesAspect doBefore 请求参数: []
2019-08-12 20:24:38,984 INFO [http-nio-9090-exec-6] c.s.i.aspect.ControllerClassesAspect [ControllerClassesAspect.java : 100] ControllerClassesAspect doAroundAdvice 环绕通知返回：{"code":400,"msg":"欢迎访问incubation项目！","data":""}
2019-08-12 20:24:38,984 INFO [http-nio-9090-exec-6] c.s.i.aspect.ControllerClassesAspect [ControllerClassesAspect.java : 56] ControllerClassesAspect doAfterReturning ...
2019-08-12 20:24:38,985 INFO [http-nio-9090-exec-6] c.s.i.aspect.ControllerClassesAspect [ControllerClassesAspect.java : 63] ControllerClassesAspect doAfterReturning 调用方法: cc.saxfore.incubation.controller.IBBaseController.index
2019-08-12 20:24:38,985 INFO [http-nio-9090-exec-6] c.s.i.aspect.ControllerClassesAspect [ControllerClassesAspect.java : 64] ControllerClassesAspect doAfterReturning 返回结果: {"code":400,"msg":"欢迎访问incubation项目！","data":""}
2019-08-12 20:24:38,989 INFO [http-nio-9090-exec-6] c.s.i.filter.IncubationFilter [IncubationFilter.java : 43] ----请求地址:/incubation/, 耗时:17ms
2019-08-12 20:24:38,992 INFO [http-nio-9090-exec-7] c.s.i.filter.IncubationFilter [IncubationFilter.java : 34] IncubationFilter doFilter ...
2019-08-12 20:24:38,994 INFO [http-nio-9090-exec-7] c.s.i.filter.IncubationFilter [IncubationFilter.java : 43] ----请求地址:/incubation/csrf, 耗时:2ms
2019-08-12 20:24:39,059 INFO [http-nio-9090-exec-5] c.s.i.filter.IncubationFilter [IncubationFilter.java : 43] ----请求地址:/incubation/v2/api-docs, 耗时:88ms
2019-08-12 20:25:00,000 INFO [scheduling-1] c.s.incubation.schedule.ScheduleTask [ScheduleTask.java : 34] ScheduleTask findDisableUsers ...
2019-08-12 20:25:00,006 INFO [scheduling-1] c.s.incubation.schedule.ScheduleTask [ScheduleTask.java : 38] ScheduleTask findDisableUsers 查询结果：[{"id":"1","username":"admin","password":"admin","phone":"18600988990","address":"北京朝阳区"},{"id":"2","username":"wangjiang","password":"123456","phone":"18600988991","address":"北京昌平区"},{"id":"3","username":"saxfore","password":"111111","phone":"18600988992","address":"北京大兴"},{"id":"4","username":"mayun","password":"123","phone":"18600988993","address":"杭州"},{"id":"5","username":"mahuateng","password":"111","phone":"18600988994","address":"深圳"}]
2019-08-12 20:25:00,007 INFO [scheduling-1] c.s.incubation.schedule.ScheduleTask [ScheduleTask.java : 41] ScheduleTask findDisableUsers 执行时间：6ms
2019-08-12 20:25:22,378 INFO [http-nio-9090-exec-8] c.s.i.filter.IncubationFilter [IncubationFilter.java : 34] IncubationFilter doFilter ...
2019-08-12 20:25:22,386 INFO [http-nio-9090-exec-8] c.s.i.filter.IncubationFilter [IncubationFilter.java : 43] ----请求地址:/incubation/v2/api-docs, 耗时:8ms
2019-08-12 20:26:00,000 INFO [scheduling-1] c.s.incubation.schedule.ScheduleTask [ScheduleTask.java : 34] ScheduleTask findDisableUsers ...
2019-08-12 20:26:00,007 INFO [scheduling-1] c.s.incubation.schedule.ScheduleTask [ScheduleTask.java : 38] ScheduleTask findDisableUsers 查询结果：[{"id":"1","username":"admin","password":"admin","phone":"18600988990","address":"北京朝阳区"},{"id":"2","username":"wangjiang","password":"123456","phone":"18600988991","address":"北京昌平区"},{"id":"3","username":"saxfore","password":"111111","phone":"18600988992","address":"北京大兴"},{"id":"4","username":"mayun","password":"123","phone":"18600988993","address":"杭州"},{"id":"5","username":"mahuateng","password":"111","phone":"18600988994","address":"深圳"}]
2019-08-12 20:26:00,007 INFO [scheduling-1] c.s.incubation.schedule.ScheduleTask [ScheduleTask.java : 41] ScheduleTask findDisableUsers 执行时间：6ms
2019-08-12 20:26:11,025 INFO [Thread-50] o.s.s.c.ThreadPoolTaskScheduler [ExecutorConfigurationSupport.java : 208] Shutting down ExecutorService 'taskScheduler'
2019-08-12 20:26:11,026 INFO [Thread-50] o.s.s.c.ThreadPoolTaskExecutor [ExecutorConfigurationSupport.java : 208] Shutting down ExecutorService 'applicationTaskExecutor'
2019-08-12 20:26:11,027 INFO [Thread-50] com.zaxxer.hikari.HikariDataSource [HikariDataSource.java : 350] DatebookHikariCP - Shutdown initiated...
2019-08-12 20:26:11,035 INFO [Thread-50] com.zaxxer.hikari.HikariDataSource [HikariDataSource.java : 352] DatebookHikariCP - Shutdown completed.
2019-08-12 20:26:11,050 INFO [Thread-50] c.s.i.filter.IncubationFilter [IncubationFilter.java : 49] IncubationFilter destroy ...
2019-08-12 20:27:12,017 INFO [main] c.s.incubation.IncubationApplication [StartupInfoLogger.java : 50] Starting IncubationApplication on MacBook.local with PID 6163 (/Users/john/gitHub-workspace/incubation/target/classes started by john in /Users/john/gitHub-workspace/incubation)
2019-08-12 20:27:12,021 INFO [main] c.s.incubation.IncubationApplication [SpringApplication.java : 647] No active profile set, falling back to default profiles: default
2019-08-12 20:27:12,933 INFO [main] o.s.c.s.PostProcessorRegistrationDelegate$BeanPostProcessorChecker [PostProcessorRegistrationDelegate.java : 330] Bean 'org.springframework.transaction.annotation.ProxyTransactionManagementConfiguration' of type [org.springframework.transaction.annotation.ProxyTransactionManagementConfiguration$$EnhancerBySpringCGLIB$$9be46fe8] is not eligible for getting processed by all BeanPostProcessors (for example: not eligible for auto-proxying)
2019-08-12 20:27:13,321 INFO [main] o.s.b.w.e.tomcat.TomcatWebServer [TomcatWebServer.java : 90] Tomcat initialized with port(s): 9090 (http)
2019-08-12 20:27:13,332 INFO [main] o.a.coyote.http11.Http11NioProtocol [DirectJDKLog.java : 173] Initializing ProtocolHandler ["http-nio-9090"]
2019-08-12 20:27:13,339 INFO [main] o.a.catalina.core.StandardService [DirectJDKLog.java : 173] Starting service [Tomcat]
2019-08-12 20:27:13,339 INFO [main] o.a.catalina.core.StandardEngine [DirectJDKLog.java : 173] Starting Servlet engine: [Apache Tomcat/9.0.22]
2019-08-12 20:27:13,410 INFO [main] o.a.c.c.C.[.[.[/incubation] [DirectJDKLog.java : 173] Initializing Spring embedded WebApplicationContext
2019-08-12 20:27:13,411 INFO [main] o.s.web.context.ContextLoader [ServletWebServerApplicationContext.java : 284] Root WebApplicationContext: initialization completed in 1358 ms
2019-08-12 20:27:13,762 INFO [main] c.s.i.filter.IncubationFilter [IncubationFilter.java : 29] IncubationFilter init ...
2019-08-12 20:27:14,188 INFO [main] s.d.s.w.PropertySourcedRequestMappingHandlerMapping [PropertySourcedRequestMappingHandlerMapping.java : 69] Mapped URL path [/v2/api-docs] onto method [public org.springframework.http.ResponseEntity<springfox.documentation.spring.web.json.Json> springfox.documentation.swagger2.web.Swagger2Controller.getDocumentation(java.lang.String,javax.servlet.http.HttpServletRequest)]
2019-08-12 20:27:14,428 INFO [main] o.s.s.c.ThreadPoolTaskExecutor [ExecutorConfigurationSupport.java : 171] Initializing ExecutorService 'applicationTaskExecutor'
2019-08-12 20:27:14,796 INFO [main] o.s.s.c.ThreadPoolTaskScheduler [ExecutorConfigurationSupport.java : 171] Initializing ExecutorService 'taskScheduler'
2019-08-12 20:27:14,857 INFO [main] s.d.s.w.p.DocumentationPluginsBootstrapper [DocumentationPluginsBootstrapper.java : 160] Context refreshed
2019-08-12 20:27:14,870 INFO [main] s.d.s.w.p.DocumentationPluginsBootstrapper [DocumentationPluginsBootstrapper.java : 163] Found 1 custom documentation plugin(s)
2019-08-12 20:27:14,893 INFO [main] s.d.s.w.s.ApiListingReferenceScanner [ApiListingReferenceScanner.java : 41] Scanning for api listing references
2019-08-12 20:27:14,909 INFO [main] o.a.coyote.http11.Http11NioProtocol [DirectJDKLog.java : 173] Starting ProtocolHandler ["http-nio-9090"]
2019-08-12 20:27:14,936 INFO [main] o.s.b.w.e.tomcat.TomcatWebServer [TomcatWebServer.java : 202] Tomcat started on port(s): 9090 (http) with context path '/incubation'
2019-08-12 20:27:14,939 INFO [main] c.s.incubation.IncubationApplication [StartupInfoLogger.java : 59] Started IncubationApplication in 23.244 seconds (JVM running for 28.982)
2019-08-12 20:27:22,291 INFO [http-nio-9090-exec-1] o.a.c.c.C.[.[.[/incubation] [DirectJDKLog.java : 173] Initializing Spring DispatcherServlet 'dispatcherServlet'
2019-08-12 20:27:22,292 INFO [http-nio-9090-exec-1] o.s.web.servlet.DispatcherServlet [FrameworkServlet.java : 524] Initializing Servlet 'dispatcherServlet'
2019-08-12 20:27:22,307 INFO [http-nio-9090-exec-1] o.s.web.servlet.DispatcherServlet [FrameworkServlet.java : 546] Completed initialization in 15 ms
2019-08-12 20:27:22,314 INFO [http-nio-9090-exec-1] c.s.i.filter.IncubationFilter [IncubationFilter.java : 34] IncubationFilter doFilter ...
2019-08-12 20:27:22,332 INFO [http-nio-9090-exec-1] c.s.i.filter.IncubationFilter [IncubationFilter.java : 43] ----请求地址:/incubation/swagger-ui.html, 耗时:17ms
2019-08-12 20:27:22,422 INFO [http-nio-9090-exec-2] c.s.i.filter.IncubationFilter [IncubationFilter.java : 34] IncubationFilter doFilter ...
2019-08-12 20:27:22,424 INFO [http-nio-9090-exec-3] c.s.i.filter.IncubationFilter [IncubationFilter.java : 34] IncubationFilter doFilter ...
2019-08-12 20:27:22,436 INFO [http-nio-9090-exec-3] c.s.i.filter.IncubationFilter [IncubationFilter.java : 43] ----请求地址:/incubation/webjars/springfox-swagger-ui/favicon-32x32.png, 耗时:12ms
2019-08-12 20:27:22,437 INFO [http-nio-9090-exec-3] c.s.i.filter.IncubationFilter [IncubationFilter.java : 71] ----请求参数:{v=[2.9.2];} ----
2019-08-12 20:27:22,486 INFO [http-nio-9090-exec-2] c.s.i.filter.IncubationFilter [IncubationFilter.java : 43] ----请求地址:/incubation/swagger-resources/configuration/ui, 耗时:63ms
2019-08-12 20:27:22,492 INFO [http-nio-9090-exec-4] c.s.i.filter.IncubationFilter [IncubationFilter.java : 34] IncubationFilter doFilter ...
2019-08-12 20:27:22,501 INFO [http-nio-9090-exec-4] c.s.i.filter.IncubationFilter [IncubationFilter.java : 43] ----请求地址:/incubation/swagger-resources/configuration/security, 耗时:9ms
2019-08-12 20:27:22,506 INFO [http-nio-9090-exec-5] c.s.i.filter.IncubationFilter [IncubationFilter.java : 34] IncubationFilter doFilter ...
2019-08-12 20:27:22,512 INFO [http-nio-9090-exec-5] c.s.i.filter.IncubationFilter [IncubationFilter.java : 43] ----请求地址:/incubation/swagger-resources, 耗时:6ms
2019-08-12 20:27:22,555 INFO [http-nio-9090-exec-6] c.s.i.filter.IncubationFilter [IncubationFilter.java : 34] IncubationFilter doFilter ...
2019-08-12 20:27:22,556 INFO [http-nio-9090-exec-7] c.s.i.filter.IncubationFilter [IncubationFilter.java : 34] IncubationFilter doFilter ...
2019-08-12 20:27:22,562 INFO [http-nio-9090-exec-7] c.s.i.aspect.ControllerClassesAspect [ControllerClassesAspect.java : 92] ControllerClassesAspect doAroundAdvice ...
2019-08-12 20:27:22,563 INFO [http-nio-9090-exec-7] c.s.i.aspect.ControllerClassesAspect [ControllerClassesAspect.java : 96] ControllerClassesAspect doAroundAdvice 环绕通知的目标方法: cc.saxfore.incubation.controller.IBBaseController.index
2019-08-12 20:27:22,565 INFO [http-nio-9090-exec-7] c.s.i.aspect.ControllerClassesAspect [ControllerClassesAspect.java : 38] ControllerClassesAspect doBefore ...
2019-08-12 20:27:22,565 INFO [http-nio-9090-exec-7] c.s.i.aspect.ControllerClassesAspect [ControllerClassesAspect.java : 44] ControllerClassesAspect doBefore 调用方法: cc.saxfore.incubation.controller.IBBaseController.index
2019-08-12 20:27:22,565 INFO [http-nio-9090-exec-7] c.s.i.aspect.ControllerClassesAspect [ControllerClassesAspect.java : 45] ControllerClassesAspect doBefore 请求参数: []
2019-08-12 20:27:22,575 INFO [http-nio-9090-exec-7] c.s.i.aspect.ControllerClassesAspect [ControllerClassesAspect.java : 100] ControllerClassesAspect doAroundAdvice 环绕通知返回：{"code":400,"msg":"欢迎访问incubation项目！","data":""}
2019-08-12 20:27:22,576 INFO [http-nio-9090-exec-7] c.s.i.aspect.ControllerClassesAspect [ControllerClassesAspect.java : 56] ControllerClassesAspect doAfterReturning ...
2019-08-12 20:27:22,576 INFO [http-nio-9090-exec-7] c.s.i.aspect.ControllerClassesAspect [ControllerClassesAspect.java : 63] ControllerClassesAspect doAfterReturning 调用方法: cc.saxfore.incubation.controller.IBBaseController.index
2019-08-12 20:27:22,577 INFO [http-nio-9090-exec-7] c.s.i.aspect.ControllerClassesAspect [ControllerClassesAspect.java : 64] ControllerClassesAspect doAfterReturning 返回结果: {"code":400,"msg":"欢迎访问incubation项目！","data":""}
2019-08-12 20:27:22,584 INFO [http-nio-9090-exec-7] c.s.i.filter.IncubationFilter [IncubationFilter.java : 43] ----请求地址:/incubation/, 耗时:28ms
2019-08-12 20:27:22,588 INFO [http-nio-9090-exec-8] c.s.i.filter.IncubationFilter [IncubationFilter.java : 34] IncubationFilter doFilter ...
2019-08-12 20:27:22,590 INFO [http-nio-9090-exec-8] c.s.i.filter.IncubationFilter [IncubationFilter.java : 43] ----请求地址:/incubation/csrf, 耗时:2ms
2019-08-12 20:27:22,602 INFO [http-nio-9090-exec-6] c.s.i.filter.IncubationFilter [IncubationFilter.java : 43] ----请求地址:/incubation/v2/api-docs, 耗时:47ms
2019-08-12 20:27:29,817 INFO [Thread-49] o.s.s.c.ThreadPoolTaskScheduler [ExecutorConfigurationSupport.java : 208] Shutting down ExecutorService 'taskScheduler'
2019-08-12 20:27:29,819 INFO [Thread-49] o.s.s.c.ThreadPoolTaskExecutor [ExecutorConfigurationSupport.java : 208] Shutting down ExecutorService 'applicationTaskExecutor'
2019-08-12 20:27:29,837 INFO [Thread-49] c.s.i.filter.IncubationFilter [IncubationFilter.java : 49] IncubationFilter destroy ...
